{
  "stats": {
    "suites": 12,
    "tests": 41,
    "passes": 25,
    "pending": 0,
    "failures": 16,
    "start": "2022-08-03T20:38:19.661Z",
    "end": "2022-08-03T20:40:02.232Z",
    "duration": 102571,
    "testsRegistered": 41,
    "passPercent": 60.97560975609756,
    "pendingPercent": 0,
    "other": 0,
    "hasOther": false,
    "skipped": 0,
    "hasSkipped": false
  },
  "results": [
    {
      "uuid": "da08da20-5b36-48b8-bc79-8e245e174d9f",
      "title": "",
      "fullFile": "cypress/integration/project.spec.js",
      "file": "cypress/integration/project.spec.js",
      "beforeHooks": [],
      "afterHooks": [],
      "tests": [],
      "suites": [
        {
          "uuid": "e4a9b242-68e4-4d3b-83a5-026d794aecc9",
          "title": "1 - Adicione à página o título \"Paleta de Cores\"",
          "fullFile": "",
          "file": "",
          "beforeHooks": [],
          "afterHooks": [],
          "tests": [
            {
              "title": "Verifica se contém um elemento `h1` com o id `title` com o título correto",
              "fullTitle": "1 - Adicione à página o título \"Paleta de Cores\" Verifica se contém um elemento `h1` com o id `title` com o título correto",
              "timedOut": null,
              "duration": 411,
              "state": "passed",
              "speed": "slow",
              "pass": true,
              "fail": false,
              "pending": false,
              "context": null,
              "code": "cy.get('h1#title').should('contain.text', 'Paleta de Cores');",
              "err": {},
              "uuid": "060ccaba-4321-4bb3-842c-a0cacbf825d6",
              "parentUUID": "e4a9b242-68e4-4d3b-83a5-026d794aecc9",
              "isHook": false,
              "skipped": false
            }
          ],
          "suites": [],
          "passes": [
            "060ccaba-4321-4bb3-842c-a0cacbf825d6"
          ],
          "failures": [],
          "pending": [],
          "skipped": [],
          "duration": 411,
          "root": false,
          "rootEmpty": false,
          "_timeout": 2000
        },
        {
          "uuid": "1bc95df7-2e81-4530-84fb-82c210c9b595",
          "title": "2 - Adicione à página uma paleta contendo quatro cores distintas",
          "fullFile": "",
          "file": "",
          "beforeHooks": [],
          "afterHooks": [],
          "tests": [
            {
              "title": "A paleta de cores deve ser um elemento com `id` denominado `color-palette` e ter mais de 0px de altura e de largura.",
              "fullTitle": "2 - Adicione à página uma paleta contendo quatro cores distintas A paleta de cores deve ser um elemento com `id` denominado `color-palette` e ter mais de 0px de altura e de largura.",
              "timedOut": null,
              "duration": 347,
              "state": "passed",
              "speed": "slow",
              "pass": true,
              "fail": false,
              "pending": false,
              "context": null,
              "code": "cy.get('#color-palette').should('be.visible');\ncy.get('#color-palette').children('.color');",
              "err": {},
              "uuid": "28bfe9b1-8522-4e66-8b81-6ca7118ac0b1",
              "parentUUID": "1bc95df7-2e81-4530-84fb-82c210c9b595",
              "isHook": false,
              "skipped": false
            },
            {
              "title": "Verifica se cada cor individual da paleta de cores possui a `classe` chamada `color`.",
              "fullTitle": "2 - Adicione à página uma paleta contendo quatro cores distintas Verifica se cada cor individual da paleta de cores possui a `classe` chamada `color`.",
              "timedOut": null,
              "duration": 352,
              "state": "passed",
              "speed": "slow",
              "pass": true,
              "fail": false,
              "pending": false,
              "context": null,
              "code": "cy.get('.color').should('have.length', 4).then(function (colors) {\n  for (var i = 0; i < colors.length; i++) {\n    cy.wrap(colors[i]).should('be.visible');\n  }\n});",
              "err": {},
              "uuid": "fa254297-5983-4775-99ed-0b3ec45cf40f",
              "parentUUID": "1bc95df7-2e81-4530-84fb-82c210c9b595",
              "isHook": false,
              "skipped": false
            },
            {
              "title": "Verifica se a cor de fundo de cada elemento da paleta é a cor que o elemento representa. **A única cor não permitida na paleta é a cor branca.**",
              "fullTitle": "2 - Adicione à página uma paleta contendo quatro cores distintas Verifica se a cor de fundo de cada elemento da paleta é a cor que o elemento representa. **A única cor não permitida na paleta é a cor branca.**",
              "timedOut": null,
              "duration": 404,
              "state": "passed",
              "speed": "slow",
              "pass": true,
              "fail": false,
              "pending": false,
              "context": null,
              "code": "cy.get('.color').each(function (color) {\n  cy.wrap(color).should('have.class', 'color').and('not.have.css', 'background-color', WHITE);\n  cy.wrap(color).should('have.css', 'background-color');\n});",
              "err": {},
              "uuid": "f44a74de-0dc7-4ab1-8c36-6f184b01c52e",
              "parentUUID": "1bc95df7-2e81-4530-84fb-82c210c9b595",
              "isHook": false,
              "skipped": false
            },
            {
              "title": "Verifica se cada elemento da paleta de cores tem uma borda preta, sólida e com 1 pixel de largura;",
              "fullTitle": "2 - Adicione à página uma paleta contendo quatro cores distintas Verifica se cada elemento da paleta de cores tem uma borda preta, sólida e com 1 pixel de largura;",
              "timedOut": null,
              "duration": 237,
              "state": "passed",
              "speed": "slow",
              "pass": true,
              "fail": false,
              "pending": false,
              "context": null,
              "code": "cy.get('.color').each(function (color) {\n  cy.wrap(color).and('have.css', 'border', \"1px solid \".concat(BLACK)).and('have.class', 'color');\n});",
              "err": {},
              "uuid": "fedc5d93-52bb-47db-8caa-4583a33d5bd9",
              "parentUUID": "1bc95df7-2e81-4530-84fb-82c210c9b595",
              "isHook": false,
              "skipped": false
            },
            {
              "title": "Verifica se a paleta lista todas as cores disponíveis para utilização, lado a lado.",
              "fullTitle": "2 - Adicione à página uma paleta contendo quatro cores distintas Verifica se a paleta lista todas as cores disponíveis para utilização, lado a lado.",
              "timedOut": null,
              "duration": 238,
              "state": "passed",
              "speed": "slow",
              "pass": true,
              "fail": false,
              "pending": false,
              "context": null,
              "code": "cy.get('.color').then(function (colors) {\n  for (var index = 1; index < colors.length; index += 1) {\n    var currentColor = colors[index];\n    var previousColor = colors[index - 1];\n    cy.wrap(currentColor).should('be.onTheRightOf', previousColor).and('be.horizontallyAlignedWith', previousColor);\n  }\n});",
              "err": {},
              "uuid": "85899605-2926-4e92-9996-d1fc6c21e488",
              "parentUUID": "1bc95df7-2e81-4530-84fb-82c210c9b595",
              "isHook": false,
              "skipped": false
            },
            {
              "title": "Verifica se a paleta de cores está posicionada abaixo do título 'Paleta de Cores'",
              "fullTitle": "2 - Adicione à página uma paleta contendo quatro cores distintas Verifica se a paleta de cores está posicionada abaixo do título 'Paleta de Cores'",
              "timedOut": null,
              "duration": 159,
              "state": "passed",
              "speed": "slow",
              "pass": true,
              "fail": false,
              "pending": false,
              "context": null,
              "code": "cy.get('h1#title').then(function (title) {\n  cy.get('#color-palette').should('be.belowOf', title);\n});",
              "err": {},
              "uuid": "ed588c09-4023-4369-8ffc-e8c55b18b46d",
              "parentUUID": "1bc95df7-2e81-4530-84fb-82c210c9b595",
              "isHook": false,
              "skipped": false
            },
            {
              "title": "Verifica se a paleta de cores não contém cores repetidas.",
              "fullTitle": "2 - Adicione à página uma paleta contendo quatro cores distintas Verifica se a paleta de cores não contém cores repetidas.",
              "timedOut": null,
              "duration": 195,
              "state": "passed",
              "speed": "slow",
              "pass": true,
              "fail": false,
              "pending": false,
              "context": null,
              "code": "cy.get('.color').then(function (colors) {\n  var allColors = Array.from(colors).map(function (color) {\n    return Cypress.$(color).css('background-color');\n  });\n  cy.log(allColors);\n  var uniqColors = (0, _toConsumableArray2[\"default\"])(new Set(allColors));\n  cy.log(uniqColors);\n  expect(allColors.length).to.eq(uniqColors.length);\n});",
              "err": {},
              "uuid": "ec384371-641a-45ef-a0a7-522baca08acd",
              "parentUUID": "1bc95df7-2e81-4530-84fb-82c210c9b595",
              "isHook": false,
              "skipped": false
            }
          ],
          "suites": [],
          "passes": [
            "28bfe9b1-8522-4e66-8b81-6ca7118ac0b1",
            "fa254297-5983-4775-99ed-0b3ec45cf40f",
            "f44a74de-0dc7-4ab1-8c36-6f184b01c52e",
            "fedc5d93-52bb-47db-8caa-4583a33d5bd9",
            "85899605-2926-4e92-9996-d1fc6c21e488",
            "ed588c09-4023-4369-8ffc-e8c55b18b46d",
            "ec384371-641a-45ef-a0a7-522baca08acd"
          ],
          "failures": [],
          "pending": [],
          "skipped": [],
          "duration": 1932,
          "root": false,
          "rootEmpty": false,
          "_timeout": 2000
        },
        {
          "uuid": "527d5b41-8403-4c79-8cb6-ee9c91360150",
          "title": "3 - Adicione a cor **preta** como a primeira cor da paleta de cores",
          "fullFile": "",
          "file": "",
          "beforeHooks": [],
          "afterHooks": [],
          "tests": [
            {
              "title": "Verifica se a primeira cor da paleta é preta",
              "fullTitle": "3 - Adicione a cor **preta** como a primeira cor da paleta de cores Verifica se a primeira cor da paleta é preta",
              "timedOut": null,
              "duration": 155,
              "state": "passed",
              "speed": "slow",
              "pass": true,
              "fail": false,
              "pending": false,
              "context": null,
              "code": "cy.get('.color').first().should('have.css', 'background-color', BLACK);",
              "err": {},
              "uuid": "7b35f4a9-46a1-463d-96d9-0b73235d29c3",
              "parentUUID": "527d5b41-8403-4c79-8cb6-ee9c91360150",
              "isHook": false,
              "skipped": false
            },
            {
              "title": "Verifica se as demais cores podem ser escolhidas livremente.",
              "fullTitle": "3 - Adicione a cor **preta** como a primeira cor da paleta de cores Verifica se as demais cores podem ser escolhidas livremente.",
              "timedOut": null,
              "duration": 357,
              "state": "passed",
              "speed": "slow",
              "pass": true,
              "fail": false,
              "pending": false,
              "context": null,
              "code": "cy.get('.color').eq(1).should('not.have.css', 'background-color', BLACK);\ncy.get('.color').eq(1).should('not.have.css', 'background-color', WHITE);\ncy.get('.color').eq(1).should('not.have.css', 'background-color', 'rgba(0, 0, 0, 0)');\ncy.get('.color').eq(1).should('have.css', 'background-color');\ncy.get('.color').eq(2).should('not.have.css', 'background-color', BLACK);\ncy.get('.color').eq(2).should('not.have.css', 'background-color', WHITE);\ncy.get('.color').eq(2).should('not.have.css', 'background-color', 'rgba(0, 0, 0, 0)');\ncy.get('.color').eq(2).should('have.css', 'background-color');\ncy.get('.color').eq(3).should('not.have.css', 'background-color', BLACK);\ncy.get('.color').eq(3).should('not.have.css', 'background-color', WHITE);\ncy.get('.color').eq(3).should('not.have.css', 'background-color', 'rgba(0, 0, 0, 0)');\ncy.get('.color').eq(3).should('have.css', 'background-color');",
              "err": {},
              "uuid": "5ac7f74a-b2db-4c01-a983-1ba4efb8556d",
              "parentUUID": "527d5b41-8403-4c79-8cb6-ee9c91360150",
              "isHook": false,
              "skipped": false
            }
          ],
          "suites": [],
          "passes": [
            "7b35f4a9-46a1-463d-96d9-0b73235d29c3",
            "5ac7f74a-b2db-4c01-a983-1ba4efb8556d"
          ],
          "failures": [],
          "pending": [],
          "skipped": [],
          "duration": 512,
          "root": false,
          "rootEmpty": false,
          "_timeout": 2000
        },
        {
          "uuid": "32e17f6d-b877-4f65-8f24-f59fca301945",
          "title": "4 - Adicione à página um quadro contendo 25 pixels",
          "fullFile": "",
          "file": "",
          "beforeHooks": [],
          "afterHooks": [],
          "tests": [
            {
              "title": "Verifica se o quadro de pixels possui o `id` denominado `pixel-board`",
              "fullTitle": "4 - Adicione à página um quadro contendo 25 pixels Verifica se o quadro de pixels possui o `id` denominado `pixel-board`",
              "timedOut": null,
              "duration": 182,
              "state": "passed",
              "speed": "slow",
              "pass": true,
              "fail": false,
              "pending": false,
              "context": null,
              "code": "cy.get('#pixel-board').should('be.visible');",
              "err": {},
              "uuid": "4550bb74-3a1c-4b49-be4a-26eedd00e62b",
              "parentUUID": "32e17f6d-b877-4f65-8f24-f59fca301945",
              "isHook": false,
              "skipped": false
            },
            {
              "title": "Verifica se cada pixel individual dentro do quadro possui a `classe` denominada `pixel`.",
              "fullTitle": "4 - Adicione à página um quadro contendo 25 pixels Verifica se cada pixel individual dentro do quadro possui a `classe` denominada `pixel`.",
              "timedOut": null,
              "duration": 237,
              "state": "passed",
              "speed": "slow",
              "pass": true,
              "fail": false,
              "pending": false,
              "context": null,
              "code": "cy.get('.pixel').should('have.length', 25);",
              "err": {},
              "uuid": "69f05704-2b2c-4965-bfeb-09c26e173e2d",
              "parentUUID": "32e17f6d-b877-4f65-8f24-f59fca301945",
              "isHook": false,
              "skipped": false
            },
            {
              "title": "Verifica se a cor inicial dos pixels dentro do quadro, ao abrir a página, é branca.",
              "fullTitle": "4 - Adicione à página um quadro contendo 25 pixels Verifica se a cor inicial dos pixels dentro do quadro, ao abrir a página, é branca.",
              "timedOut": null,
              "duration": 377,
              "state": "passed",
              "speed": "slow",
              "pass": true,
              "fail": false,
              "pending": false,
              "context": null,
              "code": "cy.get('.pixel').should('have.length', 25).each(function (pixel) {\n  expect(pixel).to.have.css('background-color', WHITE);\n});",
              "err": {},
              "uuid": "73d126c2-eecd-4cad-9a35-985d45cefe8e",
              "parentUUID": "32e17f6d-b877-4f65-8f24-f59fca301945",
              "isHook": false,
              "skipped": false
            },
            {
              "title": "Verifica se o quadro de pixels aparece abaixo da paleta de cores",
              "fullTitle": "4 - Adicione à página um quadro contendo 25 pixels Verifica se o quadro de pixels aparece abaixo da paleta de cores",
              "timedOut": null,
              "duration": 250,
              "state": "passed",
              "speed": "slow",
              "pass": true,
              "fail": false,
              "pending": false,
              "context": null,
              "code": "cy.get('#color-palette').then(function (palette) {\n  cy.get('#pixel-board').should('be.belowOf', palette);\n});",
              "err": {},
              "uuid": "e7409589-be5c-47fd-95f2-df796774cdd2",
              "parentUUID": "32e17f6d-b877-4f65-8f24-f59fca301945",
              "isHook": false,
              "skipped": false
            }
          ],
          "suites": [],
          "passes": [
            "4550bb74-3a1c-4b49-be4a-26eedd00e62b",
            "69f05704-2b2c-4965-bfeb-09c26e173e2d",
            "73d126c2-eecd-4cad-9a35-985d45cefe8e",
            "e7409589-be5c-47fd-95f2-df796774cdd2"
          ],
          "failures": [],
          "pending": [],
          "skipped": [],
          "duration": 1046,
          "root": false,
          "rootEmpty": false,
          "_timeout": 2000
        },
        {
          "uuid": "b6c31f12-4378-4610-813f-a2a32d4e2046",
          "title": "5 - Faça com que cada elemento do quadro de pixels possua 40 pixels de largura, 40 pixels de altura e seja delimitado por uma borda preta de 1 pixel",
          "fullFile": "",
          "file": "",
          "beforeHooks": [],
          "afterHooks": [],
          "tests": [
            {
              "title": "Verifica se o quadro de pixels tem altura e comprimento de 5 elementos",
              "fullTitle": "5 - Faça com que cada elemento do quadro de pixels possua 40 pixels de largura, 40 pixels de altura e seja delimitado por uma borda preta de 1 pixel Verifica se o quadro de pixels tem altura e comprimento de 5 elementos",
              "timedOut": null,
              "duration": 548,
              "state": "passed",
              "speed": "slow",
              "pass": true,
              "fail": false,
              "pending": false,
              "context": null,
              "code": "cy.get('.pixel').should('have.length', 25).each(function (pixel) {\n  expect(pixel).to.have.css('background-color', WHITE);\n}).and(function (pixels) {\n  var rows = chunk(pixels, 5);\n  rows.forEach(function (row) {\n    for (var index = 1; index < row.length; index += 1) {\n      var current = pixels[index];\n      var previous = pixels[index - 1];\n      cy.wrap(current).should('be.onTheRightOf', previous).and('be.horizontallyAlignedWith', previous);\n    }\n  });\n  for (var index = 1; index < 5; index += 1) {\n    expect(pixels[index * 5]).to.be.belowOf(pixels[(index - 1) * 5]);\n  }\n});",
              "err": {},
              "uuid": "d9b6d17e-a666-46d9-bea6-792286abc9e3",
              "parentUUID": "b6c31f12-4378-4610-813f-a2a32d4e2046",
              "isHook": false,
              "skipped": false
            },
            {
              "title": "Verifica se 40 pixels é o tamanho total do elemento, incluindo seu conteúdo e excluindo a borda preta, que deve ser criada à parte.",
              "fullTitle": "5 - Faça com que cada elemento do quadro de pixels possua 40 pixels de largura, 40 pixels de altura e seja delimitado por uma borda preta de 1 pixel Verifica se 40 pixels é o tamanho total do elemento, incluindo seu conteúdo e excluindo a borda preta, que deve ser criada à parte.",
              "timedOut": null,
              "duration": 503,
              "state": "passed",
              "speed": "slow",
              "pass": true,
              "fail": false,
              "pending": false,
              "context": null,
              "code": "cy.get('.pixel').each(function (pixel) {\n  cy.wrap(pixel).should('have.css', 'height', '40px').and('have.css', 'width', '40px').and('have.css', 'border', \"1px solid \".concat(BLACK));\n});",
              "err": {},
              "uuid": "59142953-a604-48c8-904c-61a0cabc690e",
              "parentUUID": "b6c31f12-4378-4610-813f-a2a32d4e2046",
              "isHook": false,
              "skipped": false
            }
          ],
          "suites": [],
          "passes": [
            "d9b6d17e-a666-46d9-bea6-792286abc9e3",
            "59142953-a604-48c8-904c-61a0cabc690e"
          ],
          "failures": [],
          "pending": [],
          "skipped": [],
          "duration": 1051,
          "root": false,
          "rootEmpty": false,
          "_timeout": 2000
        },
        {
          "uuid": "10dd644a-5900-4166-83fc-6bcc3681e793",
          "title": "6 - Defina a cor preta como cor inicial da paleta de cores. Ao carregar a página a cor preta já deve estar selecionada para pintar os pixels",
          "fullFile": "",
          "file": "",
          "beforeHooks": [],
          "afterHooks": [],
          "tests": [
            {
              "title": "Verifica se o elemento da cor preta possui, inicialmente, a `classe` `selected`",
              "fullTitle": "6 - Defina a cor preta como cor inicial da paleta de cores. Ao carregar a página a cor preta já deve estar selecionada para pintar os pixels Verifica se o elemento da cor preta possui, inicialmente, a `classe` `selected`",
              "timedOut": null,
              "duration": 159,
              "state": "passed",
              "speed": "slow",
              "pass": true,
              "fail": false,
              "pending": false,
              "context": null,
              "code": "cy.get('.selected').first().should('have.css', 'background-color', BLACK);",
              "err": {},
              "uuid": "031b68f1-10ce-4dcb-aeb8-b5729c617f73",
              "parentUUID": "10dd644a-5900-4166-83fc-6bcc3681e793",
              "isHook": false,
              "skipped": false
            },
            {
              "title": "Verifica se nenhuma outra cor da paleta tem a `classe` `selected`",
              "fullTitle": "6 - Defina a cor preta como cor inicial da paleta de cores. Ao carregar a página a cor preta já deve estar selecionada para pintar os pixels Verifica se nenhuma outra cor da paleta tem a `classe` `selected`",
              "timedOut": null,
              "duration": 147,
              "state": "passed",
              "speed": "slow",
              "pass": true,
              "fail": false,
              "pending": false,
              "context": null,
              "code": "cy.get('.color:not(:first-child)').each(function (color) {\n  cy.wrap(color).should('not.have.class', 'selected');\n});",
              "err": {},
              "uuid": "2a54564e-b2e5-4f2e-a40f-880c4cc06429",
              "parentUUID": "10dd644a-5900-4166-83fc-6bcc3681e793",
              "isHook": false,
              "skipped": false
            }
          ],
          "suites": [],
          "passes": [
            "031b68f1-10ce-4dcb-aeb8-b5729c617f73",
            "2a54564e-b2e5-4f2e-a40f-880c4cc06429"
          ],
          "failures": [],
          "pending": [],
          "skipped": [],
          "duration": 306,
          "root": false,
          "rootEmpty": false,
          "_timeout": 2000
        },
        {
          "uuid": "3399eb68-b84a-4ef2-8d48-b00b1b08a0b6",
          "title": "7 - Crie uma função para selecionar uma cor na paleta de cores e preencher os pixels no quadro",
          "fullFile": "",
          "file": "",
          "beforeHooks": [],
          "afterHooks": [],
          "tests": [
            {
              "title": "Verifica se somente uma cor da paleta de cores tem a classe `selected` de cada vez",
              "fullTitle": "7 - Crie uma função para selecionar uma cor na paleta de cores e preencher os pixels no quadro Verifica se somente uma cor da paleta de cores tem a classe `selected` de cada vez",
              "timedOut": null,
              "duration": 661,
              "state": "passed",
              "speed": "slow",
              "pass": true,
              "fail": false,
              "pending": false,
              "context": null,
              "code": "cy.get('.color').each(function (selectedColor, selectedColorIndex) {\n  cy.wrap(selectedColor).click();\n  cy.get('.color').each(function (color, colorIndex) {\n    if (colorIndex === selectedColorIndex) {\n      expect(color).to.have[\"class\"]('selected');\n    } else {\n      expect(color).not.to.have[\"class\"]('selected');\n    }\n  });\n});",
              "err": {},
              "uuid": "896954b2-18c9-4fc0-aced-bfe08e49f54b",
              "parentUUID": "3399eb68-b84a-4ef2-8d48-b00b1b08a0b6",
              "isHook": false,
              "skipped": false
            },
            {
              "title": "Verifica se os pixels dentro do quadro não têm a classe `selected` quando são clicados",
              "fullTitle": "7 - Crie uma função para selecionar uma cor na paleta de cores e preencher os pixels no quadro Verifica se os pixels dentro do quadro não têm a classe `selected` quando são clicados",
              "timedOut": null,
              "duration": 9644,
              "state": "passed",
              "speed": "slow",
              "pass": true,
              "fail": false,
              "pending": false,
              "context": null,
              "code": "cy.get('.color').each(function (color) {\n  var backgroundColor = color.css('background-color');\n  cy.wrap(color).click();\n  cy.get('.pixel').each(function (pixel) {\n    cy.wrap(pixel).click().should('not.have.class', 'selected');\n  });\n});",
              "err": {},
              "uuid": "02b0080c-8e48-4514-a805-c847df2aa7e8",
              "parentUUID": "3399eb68-b84a-4ef2-8d48-b00b1b08a0b6",
              "isHook": false,
              "skipped": false
            }
          ],
          "suites": [],
          "passes": [
            "896954b2-18c9-4fc0-aced-bfe08e49f54b",
            "02b0080c-8e48-4514-a805-c847df2aa7e8"
          ],
          "failures": [],
          "pending": [],
          "skipped": [],
          "duration": 10305,
          "root": false,
          "rootEmpty": false,
          "_timeout": 2000
        },
        {
          "uuid": "71e6d27f-e874-4b9e-87ed-7ebc5b61d007",
          "title": "8 - Crie uma função que permita preencher um pixel do quadro com a cor selecionada na paleta de cores",
          "fullFile": "",
          "file": "",
          "beforeHooks": [],
          "afterHooks": [],
          "tests": [
            {
              "title": "Verifica se ao carregar a página deve ser possível pintar os pixels de preto",
              "fullTitle": "8 - Crie uma função que permita preencher um pixel do quadro com a cor selecionada na paleta de cores Verifica se ao carregar a página deve ser possível pintar os pixels de preto",
              "timedOut": null,
              "duration": 2565,
              "state": "passed",
              "speed": "slow",
              "pass": true,
              "fail": false,
              "pending": false,
              "context": null,
              "code": "cy.get('.pixel').each(function (pixel) {\n  cy.wrap(pixel).click().should('have.css', 'background-color', BLACK);\n});",
              "err": {},
              "uuid": "22c07d66-a542-49b4-80be-c43d5861db54",
              "parentUUID": "71e6d27f-e874-4b9e-87ed-7ebc5b61d007",
              "isHook": false,
              "skipped": false
            },
            {
              "title": "Verifica se após selecionar uma outra cor na paleta, é possível pintar os pixels com essa cor",
              "fullTitle": "8 - Crie uma função que permita preencher um pixel do quadro com a cor selecionada na paleta de cores Verifica se após selecionar uma outra cor na paleta, é possível pintar os pixels com essa cor",
              "timedOut": null,
              "duration": 9586,
              "state": "passed",
              "speed": "slow",
              "pass": true,
              "fail": false,
              "pending": false,
              "context": null,
              "code": "cy.get('.color').each(function (color) {\n  var backgroundColor = color.css('background-color');\n  cy.wrap(color).click();\n  cy.get('.pixel').each(function (pixel) {\n    cy.wrap(pixel).click().should('have.css', 'background-color', backgroundColor);\n  });\n});",
              "err": {},
              "uuid": "070bd9a5-02cc-4caf-9cc8-e5ededc44132",
              "parentUUID": "71e6d27f-e874-4b9e-87ed-7ebc5b61d007",
              "isHook": false,
              "skipped": false
            },
            {
              "title": "Verifica se somente o pixel que foi clicado foi preenchido com a cor selecionada, sem influenciar na cor dos demais pixels.",
              "fullTitle": "8 - Crie uma função que permita preencher um pixel do quadro com a cor selecionada na paleta de cores Verifica se somente o pixel que foi clicado foi preenchido com a cor selecionada, sem influenciar na cor dos demais pixels.",
              "timedOut": null,
              "duration": 2595,
              "state": "passed",
              "speed": "slow",
              "pass": true,
              "fail": false,
              "pending": false,
              "context": null,
              "code": "var colorToPixelIndexMap = {\n  0: 6,\n  1: 8,\n  2: 16,\n  3: 18\n};\ncy.get('.color').each(function (color, index) {\n  cy.wrap(color).click();\n  var backgroundColor = color.css('background-color');\n  var clickedPixelIndex = colorToPixelIndexMap[index];\n  cy.get('.pixel').eq(clickedPixelIndex).click();\n  cy.get('.pixel').eq(clickedPixelIndex - 1).should('not.have.css', 'background-color', backgroundColor);\n  cy.get('.pixel').eq(clickedPixelIndex + 1).should('not.have.css', 'background-color', backgroundColor);\n  cy.get('.pixel').eq(clickedPixelIndex - 5).should('not.have.css', 'background-color', backgroundColor);\n  cy.get('.pixel').eq(clickedPixelIndex + 5).should('not.have.css', 'background-color', backgroundColor);\n  cy.get('.pixel').eq(clickedPixelIndex - 6).should('not.have.css', 'background-color', backgroundColor);\n  cy.get('.pixel').eq(clickedPixelIndex - 4).should('not.have.css', 'background-color', backgroundColor);\n  cy.get('.pixel').eq(clickedPixelIndex + 4).should('not.have.css', 'background-color', backgroundColor);\n  cy.get('.pixel').eq(clickedPixelIndex + 6).should('not.have.css', 'background-color', backgroundColor);\n});",
              "err": {},
              "uuid": "c5787b0b-fa11-428b-9ff7-1bc97a3a34bb",
              "parentUUID": "71e6d27f-e874-4b9e-87ed-7ebc5b61d007",
              "isHook": false,
              "skipped": false
            }
          ],
          "suites": [],
          "passes": [
            "22c07d66-a542-49b4-80be-c43d5861db54",
            "070bd9a5-02cc-4caf-9cc8-e5ededc44132",
            "c5787b0b-fa11-428b-9ff7-1bc97a3a34bb"
          ],
          "failures": [],
          "pending": [],
          "skipped": [],
          "duration": 14746,
          "root": false,
          "rootEmpty": false,
          "_timeout": 2000
        },
        {
          "uuid": "42015bf4-265b-4833-aeba-d7078aad3ad1",
          "title": "9 - Crie um botão que, ao ser clicado, limpa o quadro preenchendo a cor de todos seus pixels com branco",
          "fullFile": "",
          "file": "",
          "beforeHooks": [],
          "afterHooks": [],
          "tests": [
            {
              "title": "Verifica se o botão tem o `id` denominado `clear-board`",
              "fullTitle": "9 - Crie um botão que, ao ser clicado, limpa o quadro preenchendo a cor de todos seus pixels com branco Verifica se o botão tem o `id` denominado `clear-board`",
              "timedOut": null,
              "duration": 274,
              "state": "passed",
              "speed": "slow",
              "pass": true,
              "fail": false,
              "pending": false,
              "context": null,
              "code": "cy.get('#clear-board').should('be.visible');",
              "err": {},
              "uuid": "d72706ec-ff17-46fd-bd40-d25465713a01",
              "parentUUID": "42015bf4-265b-4833-aeba-d7078aad3ad1",
              "isHook": false,
              "skipped": false
            },
            {
              "title": "Verifica se o botão está posicionado entre a paleta de cores e o quadro de pixels",
              "fullTitle": "9 - Crie um botão que, ao ser clicado, limpa o quadro preenchendo a cor de todos seus pixels com branco Verifica se o botão está posicionado entre a paleta de cores e o quadro de pixels",
              "timedOut": null,
              "duration": 4460,
              "state": "failed",
              "speed": null,
              "pass": false,
              "fail": true,
              "pending": false,
              "context": null,
              "code": "cy.get('#color-palette').then(function (palette) {\n  cy.get('#clear-board').should('be.belowOf', palette);\n});\ncy.get('#clear-board').then(function (clearBtn) {\n  cy.get('#pixel-board').should('be.belowOf', clearBtn);\n});",
              "err": {
                "message": "CypressError: Timed out retrying: expected '<div#pixel-board>' to be below of { Object (0, length, ...) }",
                "estack": "CypressError: Timed out retrying: expected '<div#pixel-board>' to be below of { Object (0, length, ...) }\n    at cypressErr (http://localhost:38903/__cypress/runner/cypress_runner.js:149934:9)\n    at throwErr (http://localhost:38903/__cypress/runner/cypress_runner.js:149867:11)\n    at Object.throwErrByPath (http://localhost:38903/__cypress/runner/cypress_runner.js:149915:3)\n    at retry (http://localhost:38903/__cypress/runner/cypress_runner.js:144197:19)\n    at onFailFn (http://localhost:38903/__cypress/runner/cypress_runner.js:132448:16)\n    at tryCatcher (http://localhost:38903/__cypress/runner/cypress_runner.js:167415:23)\n    at Promise._settlePromiseFromHandler (http://localhost:38903/__cypress/runner/cypress_runner.js:165351:31)\n    at Promise._settlePromise (http://localhost:38903/__cypress/runner/cypress_runner.js:165408:18)\n    at Promise._settlePromise0 (http://localhost:38903/__cypress/runner/cypress_runner.js:165453:10)\n    at Promise._settlePromises (http://localhost:38903/__cypress/runner/cypress_runner.js:165528:18)\n    at Async../node_modules/bluebird/js/release/async.js.Async._drainQueue (http://localhost:38903/__cypress/runner/cypress_runner.js:162140:16)\n    at Async../node_modules/bluebird/js/release/async.js.Async._drainQueues (http://localhost:38903/__cypress/runner/cypress_runner.js:162150:10)\n    at Async.drainQueues (http://localhost:38903/__cypress/runner/cypress_runner.js:162024:14)",
                "diff": null
              },
              "uuid": "a4df6e94-e5df-43d2-a735-3008bd46a46e",
              "parentUUID": "42015bf4-265b-4833-aeba-d7078aad3ad1",
              "isHook": false,
              "skipped": false
            },
            {
              "title": "Verifica se o texto do botão é 'Limpar'",
              "fullTitle": "9 - Crie um botão que, ao ser clicado, limpa o quadro preenchendo a cor de todos seus pixels com branco Verifica se o texto do botão é 'Limpar'",
              "timedOut": null,
              "duration": 367,
              "state": "passed",
              "speed": "slow",
              "pass": true,
              "fail": false,
              "pending": false,
              "context": null,
              "code": "cy.get('#clear-board').should('contain.text', 'Limpar');",
              "err": {},
              "uuid": "24b1e918-b5e1-48b5-9f47-c9e71b9d4d1e",
              "parentUUID": "42015bf4-265b-4833-aeba-d7078aad3ad1",
              "isHook": false,
              "skipped": false
            },
            {
              "title": "Verifica se ao clicar no botão, o quadro de pixels é totalmente preenchido de branco",
              "fullTitle": "9 - Crie um botão que, ao ser clicado, limpa o quadro preenchendo a cor de todos seus pixels com branco Verifica se ao clicar no botão, o quadro de pixels é totalmente preenchido de branco",
              "timedOut": null,
              "duration": 7054,
              "state": "failed",
              "speed": null,
              "pass": false,
              "fail": true,
              "pending": false,
              "context": null,
              "code": "cy.get('.color').eq(1).then(function (color) {\n  var backgroundColor = color.css('background-color');\n  cy.wrap(color).click();\n  cy.get('.pixel').each(function (pixel) {\n    cy.wrap(pixel).click().should('have.css', 'background-color', backgroundColor);\n  });\n});\ncy.get('#clear-board').click();\ncy.get('.pixel').each(function (pixel) {\n  cy.wrap(pixel).should('have.css', 'background-color', WHITE);\n});",
              "err": {
                "message": "CypressError: Timed out retrying: expected '<div.pixel>' to have CSS property 'background-color' with the value 'rgb(255, 255, 255)', but the value was 'rgb(128, 0, 128)'",
                "estack": "CypressError: Timed out retrying: expected '<div.pixel>' to have CSS property 'background-color' with the value 'rgb(255, 255, 255)', but the value was 'rgb(128, 0, 128)'\n    at cypressErr (http://localhost:38903/__cypress/runner/cypress_runner.js:149934:9)\n    at throwErr (http://localhost:38903/__cypress/runner/cypress_runner.js:149867:11)\n    at Object.throwErrByPath (http://localhost:38903/__cypress/runner/cypress_runner.js:149915:3)\n    at retry (http://localhost:38903/__cypress/runner/cypress_runner.js:144197:19)\n    at onFailFn (http://localhost:38903/__cypress/runner/cypress_runner.js:132448:16)\n    at tryCatcher (http://localhost:38903/__cypress/runner/cypress_runner.js:167415:23)\n    at Promise._settlePromiseFromHandler (http://localhost:38903/__cypress/runner/cypress_runner.js:165351:31)\n    at Promise._settlePromise (http://localhost:38903/__cypress/runner/cypress_runner.js:165408:18)\n    at Promise._settlePromise0 (http://localhost:38903/__cypress/runner/cypress_runner.js:165453:10)\n    at Promise._settlePromises (http://localhost:38903/__cypress/runner/cypress_runner.js:165528:18)\n    at Async../node_modules/bluebird/js/release/async.js.Async._drainQueue (http://localhost:38903/__cypress/runner/cypress_runner.js:162140:16)\n    at Async../node_modules/bluebird/js/release/async.js.Async._drainQueues (http://localhost:38903/__cypress/runner/cypress_runner.js:162150:10)\n    at Async.drainQueues (http://localhost:38903/__cypress/runner/cypress_runner.js:162024:14)",
                "diff": null
              },
              "uuid": "66e8f45f-0190-408d-a31b-fab284d369b6",
              "parentUUID": "42015bf4-265b-4833-aeba-d7078aad3ad1",
              "isHook": false,
              "skipped": false
            }
          ],
          "suites": [],
          "passes": [
            "d72706ec-ff17-46fd-bd40-d25465713a01",
            "24b1e918-b5e1-48b5-9f47-c9e71b9d4d1e"
          ],
          "failures": [
            "a4df6e94-e5df-43d2-a735-3008bd46a46e",
            "66e8f45f-0190-408d-a31b-fab284d369b6"
          ],
          "pending": [],
          "skipped": [],
          "duration": 12155,
          "root": false,
          "rootEmpty": false,
          "_timeout": 2000
        },
        {
          "uuid": "f7a92968-a55f-4484-a6d2-c01d05417ecc",
          "title": "10 - Crie um input que permita à pessoa usuária preencher um novo tamanho para o quadro de pixels",
          "fullFile": "",
          "file": "",
          "beforeHooks": [],
          "afterHooks": [],
          "tests": [
            {
              "title": "Verifica se existe um input com o id `board-size`",
              "fullTitle": "10 - Crie um input que permita à pessoa usuária preencher um novo tamanho para o quadro de pixels Verifica se existe um input com o id `board-size`",
              "timedOut": null,
              "duration": 4757,
              "state": "failed",
              "speed": null,
              "pass": false,
              "fail": true,
              "pending": false,
              "context": null,
              "code": "cy.get('#board-size').should('be.visible');",
              "err": {
                "message": "CypressError: Timed out retrying: Expected to find element: '#board-size', but never found it.",
                "estack": "CypressError: Timed out retrying: Expected to find element: '#board-size', but never found it.\n    at cypressErr (http://localhost:38903/__cypress/runner/cypress_runner.js:149934:9)\n    at throwErr (http://localhost:38903/__cypress/runner/cypress_runner.js:149867:11)\n    at Object.throwErrByPath (http://localhost:38903/__cypress/runner/cypress_runner.js:149915:3)\n    at retry (http://localhost:38903/__cypress/runner/cypress_runner.js:144197:19)\n    at onFailFn (http://localhost:38903/__cypress/runner/cypress_runner.js:132448:16)\n    at tryCatcher (http://localhost:38903/__cypress/runner/cypress_runner.js:167415:23)\n    at Promise._settlePromiseFromHandler (http://localhost:38903/__cypress/runner/cypress_runner.js:165351:31)\n    at Promise._settlePromise (http://localhost:38903/__cypress/runner/cypress_runner.js:165408:18)\n    at Promise._settlePromise0 (http://localhost:38903/__cypress/runner/cypress_runner.js:165453:10)\n    at Promise._settlePromises (http://localhost:38903/__cypress/runner/cypress_runner.js:165528:18)\n    at Async../node_modules/bluebird/js/release/async.js.Async._drainQueue (http://localhost:38903/__cypress/runner/cypress_runner.js:162140:16)\n    at Async../node_modules/bluebird/js/release/async.js.Async._drainQueues (http://localhost:38903/__cypress/runner/cypress_runner.js:162150:10)\n    at Async.drainQueues (http://localhost:38903/__cypress/runner/cypress_runner.js:162024:14)",
                "diff": null
              },
              "uuid": "79f96a33-120c-4148-9025-7e745ea697f2",
              "parentUUID": "f7a92968-a55f-4484-a6d2-c01d05417ecc",
              "isHook": false,
              "skipped": false
            },
            {
              "title": "Verifica se existe um botão com o id `generate-board`",
              "fullTitle": "10 - Crie um input que permita à pessoa usuária preencher um novo tamanho para o quadro de pixels Verifica se existe um botão com o id `generate-board`",
              "timedOut": null,
              "duration": 4700,
              "state": "failed",
              "speed": null,
              "pass": false,
              "fail": true,
              "pending": false,
              "context": null,
              "code": "cy.get('#generate-board').should('be.visible');",
              "err": {
                "message": "CypressError: Timed out retrying: Expected to find element: '#generate-board', but never found it.",
                "estack": "CypressError: Timed out retrying: Expected to find element: '#generate-board', but never found it.\n    at cypressErr (http://localhost:38903/__cypress/runner/cypress_runner.js:149934:9)\n    at throwErr (http://localhost:38903/__cypress/runner/cypress_runner.js:149867:11)\n    at Object.throwErrByPath (http://localhost:38903/__cypress/runner/cypress_runner.js:149915:3)\n    at retry (http://localhost:38903/__cypress/runner/cypress_runner.js:144197:19)\n    at onFailFn (http://localhost:38903/__cypress/runner/cypress_runner.js:132448:16)\n    at tryCatcher (http://localhost:38903/__cypress/runner/cypress_runner.js:167415:23)\n    at Promise._settlePromiseFromHandler (http://localhost:38903/__cypress/runner/cypress_runner.js:165351:31)\n    at Promise._settlePromise (http://localhost:38903/__cypress/runner/cypress_runner.js:165408:18)\n    at Promise._settlePromise0 (http://localhost:38903/__cypress/runner/cypress_runner.js:165453:10)\n    at Promise._settlePromises (http://localhost:38903/__cypress/runner/cypress_runner.js:165528:18)\n    at Async../node_modules/bluebird/js/release/async.js.Async._drainQueue (http://localhost:38903/__cypress/runner/cypress_runner.js:162140:16)\n    at Async../node_modules/bluebird/js/release/async.js.Async._drainQueues (http://localhost:38903/__cypress/runner/cypress_runner.js:162150:10)\n    at Async.drainQueues (http://localhost:38903/__cypress/runner/cypress_runner.js:162024:14)",
                "diff": null
              },
              "uuid": "22c41674-d2df-4ee4-9484-24dbf8a5659a",
              "parentUUID": "f7a92968-a55f-4484-a6d2-c01d05417ecc",
              "isHook": false,
              "skipped": false
            },
            {
              "title": "Verifica se o input só aceita número maiores que zero. Essa restrição deve ser feita usando os atributos do elemento `input`",
              "fullTitle": "10 - Crie um input que permita à pessoa usuária preencher um novo tamanho para o quadro de pixels Verifica se o input só aceita número maiores que zero. Essa restrição deve ser feita usando os atributos do elemento `input`",
              "timedOut": null,
              "duration": 4672,
              "state": "failed",
              "speed": null,
              "pass": false,
              "fail": true,
              "pending": false,
              "context": null,
              "code": "cy.get('#board-size[type=\\'number\\'][min=\\'1\\']');",
              "err": {
                "message": "CypressError: Timed out retrying: Expected to find element: '#board-size[type='number'][min='1']', but never found it.",
                "estack": "CypressError: Timed out retrying: Expected to find element: '#board-size[type='number'][min='1']', but never found it.\n    at cypressErr (http://localhost:38903/__cypress/runner/cypress_runner.js:149934:9)\n    at throwErr (http://localhost:38903/__cypress/runner/cypress_runner.js:149867:11)\n    at Object.throwErrByPath (http://localhost:38903/__cypress/runner/cypress_runner.js:149915:3)\n    at retry (http://localhost:38903/__cypress/runner/cypress_runner.js:144197:19)\n    at onFailFn (http://localhost:38903/__cypress/runner/cypress_runner.js:132448:16)\n    at tryCatcher (http://localhost:38903/__cypress/runner/cypress_runner.js:167415:23)\n    at Promise._settlePromiseFromHandler (http://localhost:38903/__cypress/runner/cypress_runner.js:165351:31)\n    at Promise._settlePromise (http://localhost:38903/__cypress/runner/cypress_runner.js:165408:18)\n    at Promise._settlePromise0 (http://localhost:38903/__cypress/runner/cypress_runner.js:165453:10)\n    at Promise._settlePromises (http://localhost:38903/__cypress/runner/cypress_runner.js:165528:18)\n    at Async../node_modules/bluebird/js/release/async.js.Async._drainQueue (http://localhost:38903/__cypress/runner/cypress_runner.js:162140:16)\n    at Async../node_modules/bluebird/js/release/async.js.Async._drainQueues (http://localhost:38903/__cypress/runner/cypress_runner.js:162150:10)\n    at Async.drainQueues (http://localhost:38903/__cypress/runner/cypress_runner.js:162024:14)",
                "diff": null
              },
              "uuid": "49fba8e7-3809-4329-ac4d-ea6a05a7df95",
              "parentUUID": "f7a92968-a55f-4484-a6d2-c01d05417ecc",
              "isHook": false,
              "skipped": false
            },
            {
              "title": "Verifica se o botão contém o texto 'VQV'",
              "fullTitle": "10 - Crie um input que permita à pessoa usuária preencher um novo tamanho para o quadro de pixels Verifica se o botão contém o texto 'VQV'",
              "timedOut": null,
              "duration": 4621,
              "state": "failed",
              "speed": null,
              "pass": false,
              "fail": true,
              "pending": false,
              "context": null,
              "code": "cy.get('#generate-board').contains(/vqv/i);",
              "err": {
                "message": "CypressError: Timed out retrying: Expected to find element: '#generate-board', but never found it.",
                "estack": "CypressError: Timed out retrying: Expected to find element: '#generate-board', but never found it.\n    at cypressErr (http://localhost:38903/__cypress/runner/cypress_runner.js:149934:9)\n    at throwErr (http://localhost:38903/__cypress/runner/cypress_runner.js:149867:11)\n    at Object.throwErrByPath (http://localhost:38903/__cypress/runner/cypress_runner.js:149915:3)\n    at retry (http://localhost:38903/__cypress/runner/cypress_runner.js:144197:19)\n    at onFailFn (http://localhost:38903/__cypress/runner/cypress_runner.js:132448:16)\n    at tryCatcher (http://localhost:38903/__cypress/runner/cypress_runner.js:167415:23)\n    at Promise._settlePromiseFromHandler (http://localhost:38903/__cypress/runner/cypress_runner.js:165351:31)\n    at Promise._settlePromise (http://localhost:38903/__cypress/runner/cypress_runner.js:165408:18)\n    at Promise._settlePromise0 (http://localhost:38903/__cypress/runner/cypress_runner.js:165453:10)\n    at Promise._settlePromises (http://localhost:38903/__cypress/runner/cypress_runner.js:165528:18)\n    at Async../node_modules/bluebird/js/release/async.js.Async._drainQueue (http://localhost:38903/__cypress/runner/cypress_runner.js:162140:16)\n    at Async../node_modules/bluebird/js/release/async.js.Async._drainQueues (http://localhost:38903/__cypress/runner/cypress_runner.js:162150:10)\n    at Async.drainQueues (http://localhost:38903/__cypress/runner/cypress_runner.js:162024:14)",
                "diff": null
              },
              "uuid": "eab4974f-4ea6-47b3-aa93-5469c7397e6b",
              "parentUUID": "f7a92968-a55f-4484-a6d2-c01d05417ecc",
              "isHook": false,
              "skipped": false
            },
            {
              "title": "Verifica se o input está posicionado entre a paleta de cores e o quadro de pixels",
              "fullTitle": "10 - Crie um input que permita à pessoa usuária preencher um novo tamanho para o quadro de pixels Verifica se o input está posicionado entre a paleta de cores e o quadro de pixels",
              "timedOut": null,
              "duration": 4658,
              "state": "failed",
              "speed": null,
              "pass": false,
              "fail": true,
              "pending": false,
              "context": null,
              "code": "cy.get('#color-palette').then(function (palette) {\n  cy.get('#board-size').should('be.belowOf', palette);\n});\ncy.get('#board-size').then(function (palette) {\n  cy.get('#pixel-board').should('be.belowOf', palette);\n});",
              "err": {
                "message": "CypressError: Timed out retrying: Expected to find element: '#board-size', but never found it.",
                "estack": "CypressError: Timed out retrying: Expected to find element: '#board-size', but never found it.\n    at cypressErr (http://localhost:38903/__cypress/runner/cypress_runner.js:149934:9)\n    at throwErr (http://localhost:38903/__cypress/runner/cypress_runner.js:149867:11)\n    at Object.throwErrByPath (http://localhost:38903/__cypress/runner/cypress_runner.js:149915:3)\n    at retry (http://localhost:38903/__cypress/runner/cypress_runner.js:144197:19)\n    at onFailFn (http://localhost:38903/__cypress/runner/cypress_runner.js:132448:16)\n    at tryCatcher (http://localhost:38903/__cypress/runner/cypress_runner.js:167415:23)\n    at Promise._settlePromiseFromHandler (http://localhost:38903/__cypress/runner/cypress_runner.js:165351:31)\n    at Promise._settlePromise (http://localhost:38903/__cypress/runner/cypress_runner.js:165408:18)\n    at Promise._settlePromise0 (http://localhost:38903/__cypress/runner/cypress_runner.js:165453:10)\n    at Promise._settlePromises (http://localhost:38903/__cypress/runner/cypress_runner.js:165528:18)\n    at Async../node_modules/bluebird/js/release/async.js.Async._drainQueue (http://localhost:38903/__cypress/runner/cypress_runner.js:162140:16)\n    at Async../node_modules/bluebird/js/release/async.js.Async._drainQueues (http://localhost:38903/__cypress/runner/cypress_runner.js:162150:10)\n    at Async.drainQueues (http://localhost:38903/__cypress/runner/cypress_runner.js:162024:14)",
                "diff": null
              },
              "uuid": "5d628536-b474-4f64-9221-60871a705e29",
              "parentUUID": "f7a92968-a55f-4484-a6d2-c01d05417ecc",
              "isHook": false,
              "skipped": false
            },
            {
              "title": "Verifica se o botão está posicionado ao lado do input",
              "fullTitle": "10 - Crie um input que permita à pessoa usuária preencher um novo tamanho para o quadro de pixels Verifica se o botão está posicionado ao lado do input",
              "timedOut": null,
              "duration": 4690,
              "state": "failed",
              "speed": null,
              "pass": false,
              "fail": true,
              "pending": false,
              "context": null,
              "code": "cy.get('#board-size').then(function (board) {\n  cy.get('#generate-board').should('be.onTheRightOf', board);\n});",
              "err": {
                "message": "CypressError: Timed out retrying: Expected to find element: '#board-size', but never found it.",
                "estack": "CypressError: Timed out retrying: Expected to find element: '#board-size', but never found it.\n    at cypressErr (http://localhost:38903/__cypress/runner/cypress_runner.js:149934:9)\n    at throwErr (http://localhost:38903/__cypress/runner/cypress_runner.js:149867:11)\n    at Object.throwErrByPath (http://localhost:38903/__cypress/runner/cypress_runner.js:149915:3)\n    at retry (http://localhost:38903/__cypress/runner/cypress_runner.js:144197:19)\n    at onFailFn (http://localhost:38903/__cypress/runner/cypress_runner.js:132448:16)\n    at tryCatcher (http://localhost:38903/__cypress/runner/cypress_runner.js:167415:23)\n    at Promise._settlePromiseFromHandler (http://localhost:38903/__cypress/runner/cypress_runner.js:165351:31)\n    at Promise._settlePromise (http://localhost:38903/__cypress/runner/cypress_runner.js:165408:18)\n    at Promise._settlePromise0 (http://localhost:38903/__cypress/runner/cypress_runner.js:165453:10)\n    at Promise._settlePromises (http://localhost:38903/__cypress/runner/cypress_runner.js:165528:18)\n    at Async../node_modules/bluebird/js/release/async.js.Async._drainQueue (http://localhost:38903/__cypress/runner/cypress_runner.js:162140:16)\n    at Async../node_modules/bluebird/js/release/async.js.Async._drainQueues (http://localhost:38903/__cypress/runner/cypress_runner.js:162150:10)\n    at Async.drainQueues (http://localhost:38903/__cypress/runner/cypress_runner.js:162024:14)",
                "diff": null
              },
              "uuid": "6c992fc2-6857-46fe-b3ec-f398ffc97abe",
              "parentUUID": "f7a92968-a55f-4484-a6d2-c01d05417ecc",
              "isHook": false,
              "skipped": false
            },
            {
              "title": "Verifica se nenhum valor for colocado no input ao clicar no botão, um `alert` é exibido com o texto: 'Board inválido!'",
              "fullTitle": "10 - Crie um input que permita à pessoa usuária preencher um novo tamanho para o quadro de pixels Verifica se nenhum valor for colocado no input ao clicar no botão, um `alert` é exibido com o texto: 'Board inválido!'",
              "timedOut": null,
              "duration": 4672,
              "state": "failed",
              "speed": null,
              "pass": false,
              "fail": true,
              "pending": false,
              "context": null,
              "code": "var alerted = false;\ncy.on('window:alert', function (msg) {\n  return alerted = msg;\n});\ncy.get('#generate-board').click().then(function () {\n  return expect(alerted).to.match(/Board inválido!/i);\n});",
              "err": {
                "message": "CypressError: Timed out retrying: Expected to find element: '#generate-board', but never found it.",
                "estack": "CypressError: Timed out retrying: Expected to find element: '#generate-board', but never found it.\n    at cypressErr (http://localhost:38903/__cypress/runner/cypress_runner.js:149934:9)\n    at throwErr (http://localhost:38903/__cypress/runner/cypress_runner.js:149867:11)\n    at Object.throwErrByPath (http://localhost:38903/__cypress/runner/cypress_runner.js:149915:3)\n    at retry (http://localhost:38903/__cypress/runner/cypress_runner.js:144197:19)\n    at onFailFn (http://localhost:38903/__cypress/runner/cypress_runner.js:132448:16)\n    at tryCatcher (http://localhost:38903/__cypress/runner/cypress_runner.js:167415:23)\n    at Promise._settlePromiseFromHandler (http://localhost:38903/__cypress/runner/cypress_runner.js:165351:31)\n    at Promise._settlePromise (http://localhost:38903/__cypress/runner/cypress_runner.js:165408:18)\n    at Promise._settlePromise0 (http://localhost:38903/__cypress/runner/cypress_runner.js:165453:10)\n    at Promise._settlePromises (http://localhost:38903/__cypress/runner/cypress_runner.js:165528:18)\n    at Async../node_modules/bluebird/js/release/async.js.Async._drainQueue (http://localhost:38903/__cypress/runner/cypress_runner.js:162140:16)\n    at Async../node_modules/bluebird/js/release/async.js.Async._drainQueues (http://localhost:38903/__cypress/runner/cypress_runner.js:162150:10)\n    at Async.drainQueues (http://localhost:38903/__cypress/runner/cypress_runner.js:162024:14)",
                "diff": null
              },
              "uuid": "c27b07df-ed56-43a3-9db1-4b4100424431",
              "parentUUID": "f7a92968-a55f-4484-a6d2-c01d05417ecc",
              "isHook": false,
              "skipped": false
            },
            {
              "title": "Verifica se ao clicar no botão com um valor preenchido, o tamanho do board muda.",
              "fullTitle": "10 - Crie um input que permita à pessoa usuária preencher um novo tamanho para o quadro de pixels Verifica se ao clicar no botão com um valor preenchido, o tamanho do board muda.",
              "timedOut": null,
              "duration": 4627,
              "state": "failed",
              "speed": null,
              "pass": false,
              "fail": true,
              "pending": false,
              "context": null,
              "code": "cy.get('#board-size').clear().type(10);\ncy.get('#generate-board').click();\ncy.get('.pixel').should('have.length', 100);",
              "err": {
                "message": "CypressError: Timed out retrying: Expected to find element: '#board-size', but never found it.",
                "estack": "CypressError: Timed out retrying: Expected to find element: '#board-size', but never found it.\n    at cypressErr (http://localhost:38903/__cypress/runner/cypress_runner.js:149934:9)\n    at throwErr (http://localhost:38903/__cypress/runner/cypress_runner.js:149867:11)\n    at Object.throwErrByPath (http://localhost:38903/__cypress/runner/cypress_runner.js:149915:3)\n    at retry (http://localhost:38903/__cypress/runner/cypress_runner.js:144197:19)\n    at onFailFn (http://localhost:38903/__cypress/runner/cypress_runner.js:132448:16)\n    at tryCatcher (http://localhost:38903/__cypress/runner/cypress_runner.js:167415:23)\n    at Promise._settlePromiseFromHandler (http://localhost:38903/__cypress/runner/cypress_runner.js:165351:31)\n    at Promise._settlePromise (http://localhost:38903/__cypress/runner/cypress_runner.js:165408:18)\n    at Promise._settlePromise0 (http://localhost:38903/__cypress/runner/cypress_runner.js:165453:10)\n    at Promise._settlePromises (http://localhost:38903/__cypress/runner/cypress_runner.js:165528:18)\n    at Async../node_modules/bluebird/js/release/async.js.Async._drainQueue (http://localhost:38903/__cypress/runner/cypress_runner.js:162140:16)\n    at Async../node_modules/bluebird/js/release/async.js.Async._drainQueues (http://localhost:38903/__cypress/runner/cypress_runner.js:162150:10)\n    at Async.drainQueues (http://localhost:38903/__cypress/runner/cypress_runner.js:162024:14)",
                "diff": null
              },
              "uuid": "3a920f47-2e5c-43ec-bd8d-acb50be5ab15",
              "parentUUID": "f7a92968-a55f-4484-a6d2-c01d05417ecc",
              "isHook": false,
              "skipped": false
            },
            {
              "title": "Verifica se o novo quadro tem todos os pixels preenchidos com a cor branca",
              "fullTitle": "10 - Crie um input que permita à pessoa usuária preencher um novo tamanho para o quadro de pixels Verifica se o novo quadro tem todos os pixels preenchidos com a cor branca",
              "timedOut": null,
              "duration": 4687,
              "state": "failed",
              "speed": null,
              "pass": false,
              "fail": true,
              "pending": false,
              "context": null,
              "code": "cy.get('#board-size').clear().type(6);\ncy.get('#generate-board').click();\ncy.get('.pixel').should('have.length', 36).each(function (pixel) {\n  expect(pixel).to.have.css('background-color', WHITE);\n});",
              "err": {
                "message": "CypressError: Timed out retrying: Expected to find element: '#board-size', but never found it.",
                "estack": "CypressError: Timed out retrying: Expected to find element: '#board-size', but never found it.\n    at cypressErr (http://localhost:38903/__cypress/runner/cypress_runner.js:149934:9)\n    at throwErr (http://localhost:38903/__cypress/runner/cypress_runner.js:149867:11)\n    at Object.throwErrByPath (http://localhost:38903/__cypress/runner/cypress_runner.js:149915:3)\n    at retry (http://localhost:38903/__cypress/runner/cypress_runner.js:144197:19)\n    at onFailFn (http://localhost:38903/__cypress/runner/cypress_runner.js:132448:16)\n    at tryCatcher (http://localhost:38903/__cypress/runner/cypress_runner.js:167415:23)\n    at Promise._settlePromiseFromHandler (http://localhost:38903/__cypress/runner/cypress_runner.js:165351:31)\n    at Promise._settlePromise (http://localhost:38903/__cypress/runner/cypress_runner.js:165408:18)\n    at Promise._settlePromise0 (http://localhost:38903/__cypress/runner/cypress_runner.js:165453:10)\n    at Promise._settlePromises (http://localhost:38903/__cypress/runner/cypress_runner.js:165528:18)\n    at Async../node_modules/bluebird/js/release/async.js.Async._drainQueue (http://localhost:38903/__cypress/runner/cypress_runner.js:162140:16)\n    at Async../node_modules/bluebird/js/release/async.js.Async._drainQueues (http://localhost:38903/__cypress/runner/cypress_runner.js:162150:10)\n    at Async.drainQueues (http://localhost:38903/__cypress/runner/cypress_runner.js:162024:14)",
                "diff": null
              },
              "uuid": "d2342179-0fe2-414a-a285-454d0a8887a0",
              "parentUUID": "f7a92968-a55f-4484-a6d2-c01d05417ecc",
              "isHook": false,
              "skipped": false
            }
          ],
          "suites": [],
          "passes": [],
          "failures": [
            "79f96a33-120c-4148-9025-7e745ea697f2",
            "22c41674-d2df-4ee4-9484-24dbf8a5659a",
            "49fba8e7-3809-4329-ac4d-ea6a05a7df95",
            "eab4974f-4ea6-47b3-aa93-5469c7397e6b",
            "5d628536-b474-4f64-9221-60871a705e29",
            "6c992fc2-6857-46fe-b3ec-f398ffc97abe",
            "c27b07df-ed56-43a3-9db1-4b4100424431",
            "3a920f47-2e5c-43ec-bd8d-acb50be5ab15",
            "d2342179-0fe2-414a-a285-454d0a8887a0"
          ],
          "pending": [],
          "skipped": [],
          "duration": 42084,
          "root": false,
          "rootEmpty": false,
          "_timeout": 2000
        },
        {
          "uuid": "e380a11f-eb74-41fd-a90d-e6c913e85dc9",
          "title": "11 - Crie uma função que limite o tamanho mínimo e máximo do quadro de pixels",
          "fullFile": "",
          "file": "",
          "beforeHooks": [],
          "afterHooks": [],
          "tests": [
            {
              "title": "Verifica se a altura máxima do board é 50",
              "fullTitle": "11 - Crie uma função que limite o tamanho mínimo e máximo do quadro de pixels Verifica se a altura máxima do board é 50",
              "timedOut": null,
              "duration": 4572,
              "state": "failed",
              "speed": null,
              "pass": false,
              "fail": true,
              "pending": false,
              "context": null,
              "code": "cy.get('#board-size').clear().type(50);\ncy.get('#generate-board').click();\ncy.get('.pixel').should('have.length', 2500);",
              "err": {
                "message": "CypressError: Timed out retrying: Expected to find element: '#board-size', but never found it.",
                "estack": "CypressError: Timed out retrying: Expected to find element: '#board-size', but never found it.\n    at cypressErr (http://localhost:38903/__cypress/runner/cypress_runner.js:149934:9)\n    at throwErr (http://localhost:38903/__cypress/runner/cypress_runner.js:149867:11)\n    at Object.throwErrByPath (http://localhost:38903/__cypress/runner/cypress_runner.js:149915:3)\n    at retry (http://localhost:38903/__cypress/runner/cypress_runner.js:144197:19)\n    at onFailFn (http://localhost:38903/__cypress/runner/cypress_runner.js:132448:16)\n    at tryCatcher (http://localhost:38903/__cypress/runner/cypress_runner.js:167415:23)\n    at Promise._settlePromiseFromHandler (http://localhost:38903/__cypress/runner/cypress_runner.js:165351:31)\n    at Promise._settlePromise (http://localhost:38903/__cypress/runner/cypress_runner.js:165408:18)\n    at Promise._settlePromise0 (http://localhost:38903/__cypress/runner/cypress_runner.js:165453:10)\n    at Promise._settlePromises (http://localhost:38903/__cypress/runner/cypress_runner.js:165528:18)\n    at Async../node_modules/bluebird/js/release/async.js.Async._drainQueue (http://localhost:38903/__cypress/runner/cypress_runner.js:162140:16)\n    at Async../node_modules/bluebird/js/release/async.js.Async._drainQueues (http://localhost:38903/__cypress/runner/cypress_runner.js:162150:10)\n    at Async.drainQueues (http://localhost:38903/__cypress/runner/cypress_runner.js:162024:14)",
                "diff": null
              },
              "uuid": "db1d7e87-83db-4835-8df5-64276a1a99ee",
              "parentUUID": "e380a11f-eb74-41fd-a90d-e6c913e85dc9",
              "isHook": false,
              "skipped": false
            },
            {
              "title": "Verifica se a altura do board é 5 quando um valor menor é colocado no input",
              "fullTitle": "11 - Crie uma função que limite o tamanho mínimo e máximo do quadro de pixels Verifica se a altura do board é 5 quando um valor menor é colocado no input",
              "timedOut": null,
              "duration": 4697,
              "state": "failed",
              "speed": null,
              "pass": false,
              "fail": true,
              "pending": false,
              "context": null,
              "code": "cy.get('#board-size').clear().type(4);\ncy.get('#generate-board').click();\ncy.get('.pixel').should('have.length', 25);",
              "err": {
                "message": "CypressError: Timed out retrying: Expected to find element: '#board-size', but never found it.",
                "estack": "CypressError: Timed out retrying: Expected to find element: '#board-size', but never found it.\n    at cypressErr (http://localhost:38903/__cypress/runner/cypress_runner.js:149934:9)\n    at throwErr (http://localhost:38903/__cypress/runner/cypress_runner.js:149867:11)\n    at Object.throwErrByPath (http://localhost:38903/__cypress/runner/cypress_runner.js:149915:3)\n    at retry (http://localhost:38903/__cypress/runner/cypress_runner.js:144197:19)\n    at onFailFn (http://localhost:38903/__cypress/runner/cypress_runner.js:132448:16)\n    at tryCatcher (http://localhost:38903/__cypress/runner/cypress_runner.js:167415:23)\n    at Promise._settlePromiseFromHandler (http://localhost:38903/__cypress/runner/cypress_runner.js:165351:31)\n    at Promise._settlePromise (http://localhost:38903/__cypress/runner/cypress_runner.js:165408:18)\n    at Promise._settlePromise0 (http://localhost:38903/__cypress/runner/cypress_runner.js:165453:10)\n    at Promise._settlePromises (http://localhost:38903/__cypress/runner/cypress_runner.js:165528:18)\n    at Async../node_modules/bluebird/js/release/async.js.Async._drainQueue (http://localhost:38903/__cypress/runner/cypress_runner.js:162140:16)\n    at Async../node_modules/bluebird/js/release/async.js.Async._drainQueues (http://localhost:38903/__cypress/runner/cypress_runner.js:162150:10)\n    at Async.drainQueues (http://localhost:38903/__cypress/runner/cypress_runner.js:162024:14)",
                "diff": null
              },
              "uuid": "22efbadf-4255-43e8-ad9a-e0c5f797abde",
              "parentUUID": "e380a11f-eb74-41fd-a90d-e6c913e85dc9",
              "isHook": false,
              "skipped": false
            },
            {
              "title": "Verifica se a altura do board é 50 quando um valor maior é colocado no input",
              "fullTitle": "11 - Crie uma função que limite o tamanho mínimo e máximo do quadro de pixels Verifica se a altura do board é 50 quando um valor maior é colocado no input",
              "timedOut": null,
              "duration": 4756,
              "state": "failed",
              "speed": null,
              "pass": false,
              "fail": true,
              "pending": false,
              "context": null,
              "code": "cy.get('#board-size').clear().type(51);\ncy.get('#generate-board').click();\ncy.get('.pixel').should('have.length', 2500);",
              "err": {
                "message": "CypressError: Timed out retrying: Expected to find element: '#board-size', but never found it.",
                "estack": "CypressError: Timed out retrying: Expected to find element: '#board-size', but never found it.\n    at cypressErr (http://localhost:38903/__cypress/runner/cypress_runner.js:149934:9)\n    at throwErr (http://localhost:38903/__cypress/runner/cypress_runner.js:149867:11)\n    at Object.throwErrByPath (http://localhost:38903/__cypress/runner/cypress_runner.js:149915:3)\n    at retry (http://localhost:38903/__cypress/runner/cypress_runner.js:144197:19)\n    at onFailFn (http://localhost:38903/__cypress/runner/cypress_runner.js:132448:16)\n    at tryCatcher (http://localhost:38903/__cypress/runner/cypress_runner.js:167415:23)\n    at Promise._settlePromiseFromHandler (http://localhost:38903/__cypress/runner/cypress_runner.js:165351:31)\n    at Promise._settlePromise (http://localhost:38903/__cypress/runner/cypress_runner.js:165408:18)\n    at Promise._settlePromise0 (http://localhost:38903/__cypress/runner/cypress_runner.js:165453:10)\n    at Promise._settlePromises (http://localhost:38903/__cypress/runner/cypress_runner.js:165528:18)\n    at Async../node_modules/bluebird/js/release/async.js.Async._drainQueue (http://localhost:38903/__cypress/runner/cypress_runner.js:162140:16)\n    at Async../node_modules/bluebird/js/release/async.js.Async._drainQueues (http://localhost:38903/__cypress/runner/cypress_runner.js:162150:10)\n    at Async.drainQueues (http://localhost:38903/__cypress/runner/cypress_runner.js:162024:14)",
                "diff": null
              },
              "uuid": "26611fdb-0469-48a5-a56b-32cdca0f8168",
              "parentUUID": "e380a11f-eb74-41fd-a90d-e6c913e85dc9",
              "isHook": false,
              "skipped": false
            }
          ],
          "suites": [],
          "passes": [],
          "failures": [
            "db1d7e87-83db-4835-8df5-64276a1a99ee",
            "22efbadf-4255-43e8-ad9a-e0c5f797abde",
            "26611fdb-0469-48a5-a56b-32cdca0f8168"
          ],
          "pending": [],
          "skipped": [],
          "duration": 14025,
          "root": false,
          "rootEmpty": false,
          "_timeout": 2000
        },
        {
          "uuid": "a3f0d85a-c0f5-4558-aeeb-f01018f9854d",
          "title": "12 - Crie uma função para gerar as cores aleatoriamente ao carregar a página, com exceção da cor preta",
          "fullFile": "",
          "file": "",
          "beforeHooks": [],
          "afterHooks": [],
          "tests": [
            {
              "title": "Verifica se as cores geradas na paleta são diferentes a cada carregamento da página",
              "fullTitle": "12 - Crie uma função para gerar as cores aleatoriamente ao carregar a página, com exceção da cor preta Verifica se as cores geradas na paleta são diferentes a cada carregamento da página",
              "timedOut": null,
              "duration": 793,
              "state": "failed",
              "speed": null,
              "pass": false,
              "fail": true,
              "pending": false,
              "context": null,
              "code": "cy.get('.color').then(function (colors) {\n  var currentColors;\n  var previousColors;\n  previousColors = Array.from(colors).map(function (color) {\n    return Cypress.$(color).css('background-color');\n  });\n  for (var i = 0; i < 5; i += 1) {\n    cy.reload();\n    cy.get('.color').then(function (colors) {\n      currentColors = Array.from(colors).map(function (color) {\n        return Cypress.$(color).css('background-color');\n      });\n      expect(currentColors).not.to.deep.equal(previousColors);\n      previousColors = currentColors;\n    });\n  }\n});",
              "err": {
                "message": "AssertionError: expected [ Array(4) ] to not deeply equal [ Array(4) ]",
                "estack": "AssertionError: expected [ Array(4) ] to not deeply equal [ Array(4) ]\n    at getRet (http://localhost:38903/__cypress/runner/cypress_runner.js:136585:16)\n    at tryCatcher (http://localhost:38903/__cypress/runner/cypress_runner.js:167415:23)\n    at Function.Promise.attempt.Promise.try (http://localhost:38903/__cypress/runner/cypress_runner.js:164690:29)\n    at Context.thenFn (http://localhost:38903/__cypress/runner/cypress_runner.js:136599:23)\n    at Context.then (http://localhost:38903/__cypress/runner/cypress_runner.js:136971:21)\n    at Context.<anonymous> (http://localhost:38903/__cypress/runner/cypress_runner.js:148875:21)\n    at http://localhost:38903/__cypress/runner/cypress_runner.js:148351:33\n    at tryCatcher (http://localhost:38903/__cypress/runner/cypress_runner.js:167415:23)\n    at Promise._settlePromiseFromHandler (http://localhost:38903/__cypress/runner/cypress_runner.js:165351:31)\n    at Promise._settlePromise (http://localhost:38903/__cypress/runner/cypress_runner.js:165408:18)\n    at Promise._settlePromiseCtx (http://localhost:38903/__cypress/runner/cypress_runner.js:165445:10)\n    at Async../node_modules/bluebird/js/release/async.js.Async._drainQueue (http://localhost:38903/__cypress/runner/cypress_runner.js:162145:12)\n    at Async../node_modules/bluebird/js/release/async.js.Async._drainQueues (http://localhost:38903/__cypress/runner/cypress_runner.js:162150:10)\n    at Async.drainQueues (http://localhost:38903/__cypress/runner/cypress_runner.js:162024:14)",
                "diff": ""
              },
              "uuid": "8249cce1-5a46-4580-959c-dd8f8fad329f",
              "parentUUID": "a3f0d85a-c0f5-4558-aeeb-f01018f9854d",
              "isHook": false,
              "skipped": false
            },
            {
              "title": "Verifica se a cor preta ainda está presente e é a primeira na sua paleta de cores",
              "fullTitle": "12 - Crie uma função para gerar as cores aleatoriamente ao carregar a página, com exceção da cor preta Verifica se a cor preta ainda está presente e é a primeira na sua paleta de cores",
              "timedOut": null,
              "duration": 594,
              "state": "failed",
              "speed": null,
              "pass": false,
              "fail": true,
              "pending": false,
              "context": null,
              "code": "cy.get('.color').then(function (colors) {\n  var currentColors;\n  var previousColors;\n  previousColors = Array.from(colors).map(function (color) {\n    return Cypress.$(color).css('background-color');\n  });\n  expect(previousColors[0]).to.eq(BLACK);\n  for (var i = 0; i < 5; i += 1) {\n    cy.reload();\n    cy.get('.color').then(function (colors) {\n      currentColors = Array.from(colors).map(function (color) {\n        return Cypress.$(color).css('background-color');\n      });\n      expect(currentColors[0]).to.eq(BLACK);\n      expect(currentColors).not.to.deep.equal(previousColors);\n      previousColors = currentColors;\n    });\n  }\n});",
              "err": {
                "message": "AssertionError: expected [ Array(4) ] to not deeply equal [ Array(4) ]",
                "estack": "AssertionError: expected [ Array(4) ] to not deeply equal [ Array(4) ]\n    at getRet (http://localhost:38903/__cypress/runner/cypress_runner.js:136585:16)\n    at tryCatcher (http://localhost:38903/__cypress/runner/cypress_runner.js:167415:23)\n    at Function.Promise.attempt.Promise.try (http://localhost:38903/__cypress/runner/cypress_runner.js:164690:29)\n    at Context.thenFn (http://localhost:38903/__cypress/runner/cypress_runner.js:136599:23)\n    at Context.then (http://localhost:38903/__cypress/runner/cypress_runner.js:136971:21)\n    at Context.<anonymous> (http://localhost:38903/__cypress/runner/cypress_runner.js:148875:21)\n    at http://localhost:38903/__cypress/runner/cypress_runner.js:148351:33\n    at tryCatcher (http://localhost:38903/__cypress/runner/cypress_runner.js:167415:23)\n    at Promise._settlePromiseFromHandler (http://localhost:38903/__cypress/runner/cypress_runner.js:165351:31)\n    at Promise._settlePromise (http://localhost:38903/__cypress/runner/cypress_runner.js:165408:18)\n    at Promise._settlePromiseCtx (http://localhost:38903/__cypress/runner/cypress_runner.js:165445:10)\n    at Async../node_modules/bluebird/js/release/async.js.Async._drainQueue (http://localhost:38903/__cypress/runner/cypress_runner.js:162145:12)\n    at Async../node_modules/bluebird/js/release/async.js.Async._drainQueues (http://localhost:38903/__cypress/runner/cypress_runner.js:162150:10)\n    at Async.drainQueues (http://localhost:38903/__cypress/runner/cypress_runner.js:162024:14)",
                "diff": ""
              },
              "uuid": "b4018285-ad84-423a-8215-2444b6594ea1",
              "parentUUID": "a3f0d85a-c0f5-4558-aeeb-f01018f9854d",
              "isHook": false,
              "skipped": false
            }
          ],
          "suites": [],
          "passes": [],
          "failures": [
            "8249cce1-5a46-4580-959c-dd8f8fad329f",
            "b4018285-ad84-423a-8215-2444b6594ea1"
          ],
          "pending": [],
          "skipped": [],
          "duration": 1387,
          "root": false,
          "rootEmpty": false,
          "_timeout": 2000
        }
      ],
      "passes": [],
      "failures": [],
      "pending": [],
      "skipped": [],
      "duration": 0,
      "root": true,
      "rootEmpty": true,
      "_timeout": 2000
    }
  ],
  "meta": {
    "mocha": {
      "version": "7.0.1"
    },
    "mochawesome": {
      "options": {
        "quiet": false,
        "reportFilename": "mochawesome",
        "saveHtml": false,
        "saveJson": true,
        "consoleReporter": "spec",
        "useInlineDiffs": false
      },
      "version": "4.1.0"
    },
    "marge": {
      "options": {
        "id": "default",
        "reportDir": "cypress/reports",
        "overwrite": true,
        "html": false,
        "json": true
      },
      "version": "4.1.0"
    }
  }
}