{
  "stats": {
    "suites": 12,
    "tests": 41,
    "passes": 23,
    "pending": 0,
    "failures": 18,
    "start": "2022-08-03T18:59:18.460Z",
    "end": "2022-08-03T19:01:17.506Z",
    "duration": 119046,
    "testsRegistered": 41,
    "passPercent": 56.09756097560976,
    "pendingPercent": 0,
    "other": 0,
    "hasOther": false,
    "skipped": 0,
    "hasSkipped": false
  },
  "results": [
    {
      "uuid": "888914dd-ffe9-40e9-8fc8-a5e91176c516",
      "title": "",
      "fullFile": "cypress/integration/project.spec.js",
      "file": "cypress/integration/project.spec.js",
      "beforeHooks": [],
      "afterHooks": [],
      "tests": [],
      "suites": [
        {
          "uuid": "f1e5cd1c-225d-49bf-bca3-a1a0f01c8cde",
          "title": "1 - Adicione à página o título \"Paleta de Cores\"",
          "fullFile": "",
          "file": "",
          "beforeHooks": [],
          "afterHooks": [],
          "tests": [
            {
              "title": "Verifica se contém um elemento `h1` com o id `title` com o título correto",
              "fullTitle": "1 - Adicione à página o título \"Paleta de Cores\" Verifica se contém um elemento `h1` com o id `title` com o título correto",
              "timedOut": null,
              "duration": 2263,
              "state": "passed",
              "speed": "slow",
              "pass": true,
              "fail": false,
              "pending": false,
              "context": null,
              "code": "cy.get('h1#title').should('contain.text', 'Paleta de Cores');",
              "err": {},
              "uuid": "f37f556e-82eb-40ca-809a-6b6bebd43959",
              "parentUUID": "f1e5cd1c-225d-49bf-bca3-a1a0f01c8cde",
              "isHook": false,
              "skipped": false
            }
          ],
          "suites": [],
          "passes": [
            "f37f556e-82eb-40ca-809a-6b6bebd43959"
          ],
          "failures": [],
          "pending": [],
          "skipped": [],
          "duration": 2263,
          "root": false,
          "rootEmpty": false,
          "_timeout": 2000
        },
        {
          "uuid": "8419c72a-a38a-4e4a-a3be-1768abc98d29",
          "title": "2 - Adicione à página uma paleta contendo quatro cores distintas",
          "fullFile": "",
          "file": "",
          "beforeHooks": [],
          "afterHooks": [],
          "tests": [
            {
              "title": "A paleta de cores deve ser um elemento com `id` denominado `color-palette` e ter mais de 0px de altura e de largura.",
              "fullTitle": "2 - Adicione à página uma paleta contendo quatro cores distintas A paleta de cores deve ser um elemento com `id` denominado `color-palette` e ter mais de 0px de altura e de largura.",
              "timedOut": null,
              "duration": 426,
              "state": "passed",
              "speed": "slow",
              "pass": true,
              "fail": false,
              "pending": false,
              "context": null,
              "code": "cy.get('#color-palette').should('be.visible');\ncy.get('#color-palette').children('.color');",
              "err": {},
              "uuid": "5bbed81c-78cb-4126-9202-e737733b12e8",
              "parentUUID": "8419c72a-a38a-4e4a-a3be-1768abc98d29",
              "isHook": false,
              "skipped": false
            },
            {
              "title": "Verifica se cada cor individual da paleta de cores possui a `classe` chamada `color`.",
              "fullTitle": "2 - Adicione à página uma paleta contendo quatro cores distintas Verifica se cada cor individual da paleta de cores possui a `classe` chamada `color`.",
              "timedOut": null,
              "duration": 537,
              "state": "passed",
              "speed": "slow",
              "pass": true,
              "fail": false,
              "pending": false,
              "context": null,
              "code": "cy.get('.color').should('have.length', 4).then(function (colors) {\n  for (var i = 0; i < colors.length; i++) {\n    cy.wrap(colors[i]).should('be.visible');\n  }\n});",
              "err": {},
              "uuid": "c8a914d9-a62f-4722-b7be-12e69e30b82c",
              "parentUUID": "8419c72a-a38a-4e4a-a3be-1768abc98d29",
              "isHook": false,
              "skipped": false
            },
            {
              "title": "Verifica se a cor de fundo de cada elemento da paleta é a cor que o elemento representa. **A única cor não permitida na paleta é a cor branca.**",
              "fullTitle": "2 - Adicione à página uma paleta contendo quatro cores distintas Verifica se a cor de fundo de cada elemento da paleta é a cor que o elemento representa. **A única cor não permitida na paleta é a cor branca.**",
              "timedOut": null,
              "duration": 326,
              "state": "passed",
              "speed": "slow",
              "pass": true,
              "fail": false,
              "pending": false,
              "context": null,
              "code": "cy.get('.color').each(function (color) {\n  cy.wrap(color).should('have.class', 'color').and('not.have.css', 'background-color', WHITE);\n  cy.wrap(color).should('have.css', 'background-color');\n});",
              "err": {},
              "uuid": "ae574baf-1bb4-4f49-8a12-76bc29928928",
              "parentUUID": "8419c72a-a38a-4e4a-a3be-1768abc98d29",
              "isHook": false,
              "skipped": false
            },
            {
              "title": "Verifica se cada elemento da paleta de cores tem uma borda preta, sólida e com 1 pixel de largura;",
              "fullTitle": "2 - Adicione à página uma paleta contendo quatro cores distintas Verifica se cada elemento da paleta de cores tem uma borda preta, sólida e com 1 pixel de largura;",
              "timedOut": null,
              "duration": 265,
              "state": "passed",
              "speed": "slow",
              "pass": true,
              "fail": false,
              "pending": false,
              "context": null,
              "code": "cy.get('.color').each(function (color) {\n  cy.wrap(color).and('have.css', 'border', \"1px solid \".concat(BLACK)).and('have.class', 'color');\n});",
              "err": {},
              "uuid": "549135a9-9cf7-44d3-9120-8b4ad145ff96",
              "parentUUID": "8419c72a-a38a-4e4a-a3be-1768abc98d29",
              "isHook": false,
              "skipped": false
            },
            {
              "title": "Verifica se a paleta lista todas as cores disponíveis para utilização, lado a lado.",
              "fullTitle": "2 - Adicione à página uma paleta contendo quatro cores distintas Verifica se a paleta lista todas as cores disponíveis para utilização, lado a lado.",
              "timedOut": null,
              "duration": 303,
              "state": "passed",
              "speed": "slow",
              "pass": true,
              "fail": false,
              "pending": false,
              "context": null,
              "code": "cy.get('.color').then(function (colors) {\n  for (var index = 1; index < colors.length; index += 1) {\n    var currentColor = colors[index];\n    var previousColor = colors[index - 1];\n    cy.wrap(currentColor).should('be.onTheRightOf', previousColor).and('be.horizontallyAlignedWith', previousColor);\n  }\n});",
              "err": {},
              "uuid": "f7e3fb08-be80-457a-98a4-e3fc34e2e4a0",
              "parentUUID": "8419c72a-a38a-4e4a-a3be-1768abc98d29",
              "isHook": false,
              "skipped": false
            },
            {
              "title": "Verifica se a paleta de cores está posicionada abaixo do título 'Paleta de Cores'",
              "fullTitle": "2 - Adicione à página uma paleta contendo quatro cores distintas Verifica se a paleta de cores está posicionada abaixo do título 'Paleta de Cores'",
              "timedOut": null,
              "duration": 208,
              "state": "passed",
              "speed": "slow",
              "pass": true,
              "fail": false,
              "pending": false,
              "context": null,
              "code": "cy.get('h1#title').then(function (title) {\n  cy.get('#color-palette').should('be.belowOf', title);\n});",
              "err": {},
              "uuid": "ca3806ad-7aa3-4635-8aa2-0782fff507a5",
              "parentUUID": "8419c72a-a38a-4e4a-a3be-1768abc98d29",
              "isHook": false,
              "skipped": false
            },
            {
              "title": "Verifica se a paleta de cores não contém cores repetidas.",
              "fullTitle": "2 - Adicione à página uma paleta contendo quatro cores distintas Verifica se a paleta de cores não contém cores repetidas.",
              "timedOut": null,
              "duration": 292,
              "state": "passed",
              "speed": "slow",
              "pass": true,
              "fail": false,
              "pending": false,
              "context": null,
              "code": "cy.get('.color').then(function (colors) {\n  var allColors = Array.from(colors).map(function (color) {\n    return Cypress.$(color).css('background-color');\n  });\n  cy.log(allColors);\n  var uniqColors = (0, _toConsumableArray2[\"default\"])(new Set(allColors));\n  cy.log(uniqColors);\n  expect(allColors.length).to.eq(uniqColors.length);\n});",
              "err": {},
              "uuid": "22204863-06c5-4310-b352-ee9c48e97da5",
              "parentUUID": "8419c72a-a38a-4e4a-a3be-1768abc98d29",
              "isHook": false,
              "skipped": false
            }
          ],
          "suites": [],
          "passes": [
            "5bbed81c-78cb-4126-9202-e737733b12e8",
            "c8a914d9-a62f-4722-b7be-12e69e30b82c",
            "ae574baf-1bb4-4f49-8a12-76bc29928928",
            "549135a9-9cf7-44d3-9120-8b4ad145ff96",
            "f7e3fb08-be80-457a-98a4-e3fc34e2e4a0",
            "ca3806ad-7aa3-4635-8aa2-0782fff507a5",
            "22204863-06c5-4310-b352-ee9c48e97da5"
          ],
          "failures": [],
          "pending": [],
          "skipped": [],
          "duration": 2357,
          "root": false,
          "rootEmpty": false,
          "_timeout": 2000
        },
        {
          "uuid": "2c80acff-66bb-499a-bd5b-dee4f1ddb835",
          "title": "3 - Adicione a cor **preta** como a primeira cor da paleta de cores",
          "fullFile": "",
          "file": "",
          "beforeHooks": [],
          "afterHooks": [],
          "tests": [
            {
              "title": "Verifica se a primeira cor da paleta é preta",
              "fullTitle": "3 - Adicione a cor **preta** como a primeira cor da paleta de cores Verifica se a primeira cor da paleta é preta",
              "timedOut": null,
              "duration": 138,
              "state": "passed",
              "speed": "slow",
              "pass": true,
              "fail": false,
              "pending": false,
              "context": null,
              "code": "cy.get('.color').first().should('have.css', 'background-color', BLACK);",
              "err": {},
              "uuid": "df4edba8-5a03-4be8-8f94-9e912385e421",
              "parentUUID": "2c80acff-66bb-499a-bd5b-dee4f1ddb835",
              "isHook": false,
              "skipped": false
            },
            {
              "title": "Verifica se as demais cores podem ser escolhidas livremente.",
              "fullTitle": "3 - Adicione a cor **preta** como a primeira cor da paleta de cores Verifica se as demais cores podem ser escolhidas livremente.",
              "timedOut": null,
              "duration": 457,
              "state": "passed",
              "speed": "slow",
              "pass": true,
              "fail": false,
              "pending": false,
              "context": null,
              "code": "cy.get('.color').eq(1).should('not.have.css', 'background-color', BLACK);\ncy.get('.color').eq(1).should('not.have.css', 'background-color', WHITE);\ncy.get('.color').eq(1).should('not.have.css', 'background-color', 'rgba(0, 0, 0, 0)');\ncy.get('.color').eq(1).should('have.css', 'background-color');\ncy.get('.color').eq(2).should('not.have.css', 'background-color', BLACK);\ncy.get('.color').eq(2).should('not.have.css', 'background-color', WHITE);\ncy.get('.color').eq(2).should('not.have.css', 'background-color', 'rgba(0, 0, 0, 0)');\ncy.get('.color').eq(2).should('have.css', 'background-color');\ncy.get('.color').eq(3).should('not.have.css', 'background-color', BLACK);\ncy.get('.color').eq(3).should('not.have.css', 'background-color', WHITE);\ncy.get('.color').eq(3).should('not.have.css', 'background-color', 'rgba(0, 0, 0, 0)');\ncy.get('.color').eq(3).should('have.css', 'background-color');",
              "err": {},
              "uuid": "724b56ab-f121-4b2e-b681-647fbafd11d5",
              "parentUUID": "2c80acff-66bb-499a-bd5b-dee4f1ddb835",
              "isHook": false,
              "skipped": false
            }
          ],
          "suites": [],
          "passes": [
            "df4edba8-5a03-4be8-8f94-9e912385e421",
            "724b56ab-f121-4b2e-b681-647fbafd11d5"
          ],
          "failures": [],
          "pending": [],
          "skipped": [],
          "duration": 595,
          "root": false,
          "rootEmpty": false,
          "_timeout": 2000
        },
        {
          "uuid": "966c37fa-7adb-4f7f-8988-62e530264d3f",
          "title": "4 - Adicione à página um quadro contendo 25 pixels",
          "fullFile": "",
          "file": "",
          "beforeHooks": [],
          "afterHooks": [],
          "tests": [
            {
              "title": "Verifica se o quadro de pixels possui o `id` denominado `pixel-board`",
              "fullTitle": "4 - Adicione à página um quadro contendo 25 pixels Verifica se o quadro de pixels possui o `id` denominado `pixel-board`",
              "timedOut": null,
              "duration": 462,
              "state": "passed",
              "speed": "slow",
              "pass": true,
              "fail": false,
              "pending": false,
              "context": null,
              "code": "cy.get('#pixel-board').should('be.visible');",
              "err": {},
              "uuid": "4697bb5a-8065-4115-a62e-f1ba9399d176",
              "parentUUID": "966c37fa-7adb-4f7f-8988-62e530264d3f",
              "isHook": false,
              "skipped": false
            },
            {
              "title": "Verifica se cada pixel individual dentro do quadro possui a `classe` denominada `pixel`.",
              "fullTitle": "4 - Adicione à página um quadro contendo 25 pixels Verifica se cada pixel individual dentro do quadro possui a `classe` denominada `pixel`.",
              "timedOut": null,
              "duration": 229,
              "state": "passed",
              "speed": "slow",
              "pass": true,
              "fail": false,
              "pending": false,
              "context": null,
              "code": "cy.get('.pixel').should('have.length', 25);",
              "err": {},
              "uuid": "eceb6d0b-0aa2-435b-8ffd-6dbaf6720d83",
              "parentUUID": "966c37fa-7adb-4f7f-8988-62e530264d3f",
              "isHook": false,
              "skipped": false
            },
            {
              "title": "Verifica se a cor inicial dos pixels dentro do quadro, ao abrir a página, é branca.",
              "fullTitle": "4 - Adicione à página um quadro contendo 25 pixels Verifica se a cor inicial dos pixels dentro do quadro, ao abrir a página, é branca.",
              "timedOut": null,
              "duration": 419,
              "state": "passed",
              "speed": "slow",
              "pass": true,
              "fail": false,
              "pending": false,
              "context": null,
              "code": "cy.get('.pixel').should('have.length', 25).each(function (pixel) {\n  expect(pixel).to.have.css('background-color', WHITE);\n});",
              "err": {},
              "uuid": "c907a3af-2bf5-4cc7-b3cf-ba5b626c8a6e",
              "parentUUID": "966c37fa-7adb-4f7f-8988-62e530264d3f",
              "isHook": false,
              "skipped": false
            },
            {
              "title": "Verifica se o quadro de pixels aparece abaixo da paleta de cores",
              "fullTitle": "4 - Adicione à página um quadro contendo 25 pixels Verifica se o quadro de pixels aparece abaixo da paleta de cores",
              "timedOut": null,
              "duration": 243,
              "state": "passed",
              "speed": "slow",
              "pass": true,
              "fail": false,
              "pending": false,
              "context": null,
              "code": "cy.get('#color-palette').then(function (palette) {\n  cy.get('#pixel-board').should('be.belowOf', palette);\n});",
              "err": {},
              "uuid": "69333ded-7cee-4f3a-9e10-1f6d47a1dd2f",
              "parentUUID": "966c37fa-7adb-4f7f-8988-62e530264d3f",
              "isHook": false,
              "skipped": false
            }
          ],
          "suites": [],
          "passes": [
            "4697bb5a-8065-4115-a62e-f1ba9399d176",
            "eceb6d0b-0aa2-435b-8ffd-6dbaf6720d83",
            "c907a3af-2bf5-4cc7-b3cf-ba5b626c8a6e",
            "69333ded-7cee-4f3a-9e10-1f6d47a1dd2f"
          ],
          "failures": [],
          "pending": [],
          "skipped": [],
          "duration": 1353,
          "root": false,
          "rootEmpty": false,
          "_timeout": 2000
        },
        {
          "uuid": "2ea851c2-c5c0-474d-98d6-678110bc2cae",
          "title": "5 - Faça com que cada elemento do quadro de pixels possua 40 pixels de largura, 40 pixels de altura e seja delimitado por uma borda preta de 1 pixel",
          "fullFile": "",
          "file": "",
          "beforeHooks": [],
          "afterHooks": [],
          "tests": [
            {
              "title": "Verifica se o quadro de pixels tem altura e comprimento de 5 elementos",
              "fullTitle": "5 - Faça com que cada elemento do quadro de pixels possua 40 pixels de largura, 40 pixels de altura e seja delimitado por uma borda preta de 1 pixel Verifica se o quadro de pixels tem altura e comprimento de 5 elementos",
              "timedOut": null,
              "duration": 666,
              "state": "passed",
              "speed": "slow",
              "pass": true,
              "fail": false,
              "pending": false,
              "context": null,
              "code": "cy.get('.pixel').should('have.length', 25).each(function (pixel) {\n  expect(pixel).to.have.css('background-color', WHITE);\n}).and(function (pixels) {\n  var rows = chunk(pixels, 5);\n  rows.forEach(function (row) {\n    for (var index = 1; index < row.length; index += 1) {\n      var current = pixels[index];\n      var previous = pixels[index - 1];\n      cy.wrap(current).should('be.onTheRightOf', previous).and('be.horizontallyAlignedWith', previous);\n    }\n  });\n  for (var index = 1; index < 5; index += 1) {\n    expect(pixels[index * 5]).to.be.belowOf(pixels[(index - 1) * 5]);\n  }\n});",
              "err": {},
              "uuid": "59c36d9a-0bf3-4b27-b505-0628f5ebe34d",
              "parentUUID": "2ea851c2-c5c0-474d-98d6-678110bc2cae",
              "isHook": false,
              "skipped": false
            },
            {
              "title": "Verifica se 40 pixels é o tamanho total do elemento, incluindo seu conteúdo e excluindo a borda preta, que deve ser criada à parte.",
              "fullTitle": "5 - Faça com que cada elemento do quadro de pixels possua 40 pixels de largura, 40 pixels de altura e seja delimitado por uma borda preta de 1 pixel Verifica se 40 pixels é o tamanho total do elemento, incluindo seu conteúdo e excluindo a borda preta, que deve ser criada à parte.",
              "timedOut": null,
              "duration": 871,
              "state": "passed",
              "speed": "slow",
              "pass": true,
              "fail": false,
              "pending": false,
              "context": null,
              "code": "cy.get('.pixel').each(function (pixel) {\n  cy.wrap(pixel).should('have.css', 'height', '40px').and('have.css', 'width', '40px').and('have.css', 'border', \"1px solid \".concat(BLACK));\n});",
              "err": {},
              "uuid": "0ea89373-aa12-4797-8fc4-74ce793fca5e",
              "parentUUID": "2ea851c2-c5c0-474d-98d6-678110bc2cae",
              "isHook": false,
              "skipped": false
            }
          ],
          "suites": [],
          "passes": [
            "59c36d9a-0bf3-4b27-b505-0628f5ebe34d",
            "0ea89373-aa12-4797-8fc4-74ce793fca5e"
          ],
          "failures": [],
          "pending": [],
          "skipped": [],
          "duration": 1537,
          "root": false,
          "rootEmpty": false,
          "_timeout": 2000
        },
        {
          "uuid": "1a14d3ec-0d47-46c9-8189-146f4bc6af8a",
          "title": "6 - Defina a cor preta como cor inicial da paleta de cores. Ao carregar a página a cor preta já deve estar selecionada para pintar os pixels",
          "fullFile": "",
          "file": "",
          "beforeHooks": [],
          "afterHooks": [],
          "tests": [
            {
              "title": "Verifica se o elemento da cor preta possui, inicialmente, a `classe` `selected`",
              "fullTitle": "6 - Defina a cor preta como cor inicial da paleta de cores. Ao carregar a página a cor preta já deve estar selecionada para pintar os pixels Verifica se o elemento da cor preta possui, inicialmente, a `classe` `selected`",
              "timedOut": null,
              "duration": 160,
              "state": "passed",
              "speed": "slow",
              "pass": true,
              "fail": false,
              "pending": false,
              "context": null,
              "code": "cy.get('.selected').first().should('have.css', 'background-color', BLACK);",
              "err": {},
              "uuid": "013485bf-ef5f-4054-854c-d524301fef1b",
              "parentUUID": "1a14d3ec-0d47-46c9-8189-146f4bc6af8a",
              "isHook": false,
              "skipped": false
            },
            {
              "title": "Verifica se nenhuma outra cor da paleta tem a `classe` `selected`",
              "fullTitle": "6 - Defina a cor preta como cor inicial da paleta de cores. Ao carregar a página a cor preta já deve estar selecionada para pintar os pixels Verifica se nenhuma outra cor da paleta tem a `classe` `selected`",
              "timedOut": null,
              "duration": 195,
              "state": "passed",
              "speed": "slow",
              "pass": true,
              "fail": false,
              "pending": false,
              "context": null,
              "code": "cy.get('.color:not(:first-child)').each(function (color) {\n  cy.wrap(color).should('not.have.class', 'selected');\n});",
              "err": {},
              "uuid": "ecbecc6f-4a65-4833-9134-43c301e47e5c",
              "parentUUID": "1a14d3ec-0d47-46c9-8189-146f4bc6af8a",
              "isHook": false,
              "skipped": false
            }
          ],
          "suites": [],
          "passes": [
            "013485bf-ef5f-4054-854c-d524301fef1b",
            "ecbecc6f-4a65-4833-9134-43c301e47e5c"
          ],
          "failures": [],
          "pending": [],
          "skipped": [],
          "duration": 355,
          "root": false,
          "rootEmpty": false,
          "_timeout": 2000
        },
        {
          "uuid": "3f700717-5011-4e5c-b21d-3cbe3d63f233",
          "title": "7 - Crie uma função para selecionar uma cor na paleta de cores e preencher os pixels no quadro",
          "fullFile": "",
          "file": "",
          "beforeHooks": [],
          "afterHooks": [],
          "tests": [
            {
              "title": "Verifica se somente uma cor da paleta de cores tem a classe `selected` de cada vez",
              "fullTitle": "7 - Crie uma função para selecionar uma cor na paleta de cores e preencher os pixels no quadro Verifica se somente uma cor da paleta de cores tem a classe `selected` de cada vez",
              "timedOut": null,
              "duration": 872,
              "state": "passed",
              "speed": "slow",
              "pass": true,
              "fail": false,
              "pending": false,
              "context": null,
              "code": "cy.get('.color').each(function (selectedColor, selectedColorIndex) {\n  cy.wrap(selectedColor).click();\n  cy.get('.color').each(function (color, colorIndex) {\n    if (colorIndex === selectedColorIndex) {\n      expect(color).to.have[\"class\"]('selected');\n    } else {\n      expect(color).not.to.have[\"class\"]('selected');\n    }\n  });\n});",
              "err": {},
              "uuid": "43e983fb-5e7e-4eaf-8c35-8fd927d52a9f",
              "parentUUID": "3f700717-5011-4e5c-b21d-3cbe3d63f233",
              "isHook": false,
              "skipped": false
            },
            {
              "title": "Verifica se os pixels dentro do quadro não têm a classe `selected` quando são clicados",
              "fullTitle": "7 - Crie uma função para selecionar uma cor na paleta de cores e preencher os pixels no quadro Verifica se os pixels dentro do quadro não têm a classe `selected` quando são clicados",
              "timedOut": null,
              "duration": 10002,
              "state": "passed",
              "speed": "slow",
              "pass": true,
              "fail": false,
              "pending": false,
              "context": null,
              "code": "cy.get('.color').each(function (color) {\n  var backgroundColor = color.css('background-color');\n  cy.wrap(color).click();\n  cy.get('.pixel').each(function (pixel) {\n    cy.wrap(pixel).click().should('not.have.class', 'selected');\n  });\n});",
              "err": {},
              "uuid": "4042c570-a815-42b2-b719-939a513a31ba",
              "parentUUID": "3f700717-5011-4e5c-b21d-3cbe3d63f233",
              "isHook": false,
              "skipped": false
            }
          ],
          "suites": [],
          "passes": [
            "43e983fb-5e7e-4eaf-8c35-8fd927d52a9f",
            "4042c570-a815-42b2-b719-939a513a31ba"
          ],
          "failures": [],
          "pending": [],
          "skipped": [],
          "duration": 10874,
          "root": false,
          "rootEmpty": false,
          "_timeout": 2000
        },
        {
          "uuid": "cbee4a80-67c1-4c89-b12b-9418e0ec9901",
          "title": "8 - Crie uma função que permita preencher um pixel do quadro com a cor selecionada na paleta de cores",
          "fullFile": "",
          "file": "",
          "beforeHooks": [],
          "afterHooks": [],
          "tests": [
            {
              "title": "Verifica se ao carregar a página deve ser possível pintar os pixels de preto",
              "fullTitle": "8 - Crie uma função que permita preencher um pixel do quadro com a cor selecionada na paleta de cores Verifica se ao carregar a página deve ser possível pintar os pixels de preto",
              "timedOut": null,
              "duration": 2614,
              "state": "passed",
              "speed": "slow",
              "pass": true,
              "fail": false,
              "pending": false,
              "context": null,
              "code": "cy.get('.pixel').each(function (pixel) {\n  cy.wrap(pixel).click().should('have.css', 'background-color', BLACK);\n});",
              "err": {},
              "uuid": "e339264d-b7cf-41c6-af21-72b07f9b9770",
              "parentUUID": "cbee4a80-67c1-4c89-b12b-9418e0ec9901",
              "isHook": false,
              "skipped": false
            },
            {
              "title": "Verifica se após selecionar uma outra cor na paleta, é possível pintar os pixels com essa cor",
              "fullTitle": "8 - Crie uma função que permita preencher um pixel do quadro com a cor selecionada na paleta de cores Verifica se após selecionar uma outra cor na paleta, é possível pintar os pixels com essa cor",
              "timedOut": null,
              "duration": 9958,
              "state": "passed",
              "speed": "slow",
              "pass": true,
              "fail": false,
              "pending": false,
              "context": null,
              "code": "cy.get('.color').each(function (color) {\n  var backgroundColor = color.css('background-color');\n  cy.wrap(color).click();\n  cy.get('.pixel').each(function (pixel) {\n    cy.wrap(pixel).click().should('have.css', 'background-color', backgroundColor);\n  });\n});",
              "err": {},
              "uuid": "dc145167-fd13-47e8-b6c4-25ac13336898",
              "parentUUID": "cbee4a80-67c1-4c89-b12b-9418e0ec9901",
              "isHook": false,
              "skipped": false
            },
            {
              "title": "Verifica se somente o pixel que foi clicado foi preenchido com a cor selecionada, sem influenciar na cor dos demais pixels.",
              "fullTitle": "8 - Crie uma função que permita preencher um pixel do quadro com a cor selecionada na paleta de cores Verifica se somente o pixel que foi clicado foi preenchido com a cor selecionada, sem influenciar na cor dos demais pixels.",
              "timedOut": null,
              "duration": 2782,
              "state": "passed",
              "speed": "slow",
              "pass": true,
              "fail": false,
              "pending": false,
              "context": null,
              "code": "var colorToPixelIndexMap = {\n  0: 6,\n  1: 8,\n  2: 16,\n  3: 18\n};\ncy.get('.color').each(function (color, index) {\n  cy.wrap(color).click();\n  var backgroundColor = color.css('background-color');\n  var clickedPixelIndex = colorToPixelIndexMap[index];\n  cy.get('.pixel').eq(clickedPixelIndex).click();\n  cy.get('.pixel').eq(clickedPixelIndex - 1).should('not.have.css', 'background-color', backgroundColor);\n  cy.get('.pixel').eq(clickedPixelIndex + 1).should('not.have.css', 'background-color', backgroundColor);\n  cy.get('.pixel').eq(clickedPixelIndex - 5).should('not.have.css', 'background-color', backgroundColor);\n  cy.get('.pixel').eq(clickedPixelIndex + 5).should('not.have.css', 'background-color', backgroundColor);\n  cy.get('.pixel').eq(clickedPixelIndex - 6).should('not.have.css', 'background-color', backgroundColor);\n  cy.get('.pixel').eq(clickedPixelIndex - 4).should('not.have.css', 'background-color', backgroundColor);\n  cy.get('.pixel').eq(clickedPixelIndex + 4).should('not.have.css', 'background-color', backgroundColor);\n  cy.get('.pixel').eq(clickedPixelIndex + 6).should('not.have.css', 'background-color', backgroundColor);\n});",
              "err": {},
              "uuid": "f22524d6-d11d-4e0d-a4cc-b7d6256477d7",
              "parentUUID": "cbee4a80-67c1-4c89-b12b-9418e0ec9901",
              "isHook": false,
              "skipped": false
            }
          ],
          "suites": [],
          "passes": [
            "e339264d-b7cf-41c6-af21-72b07f9b9770",
            "dc145167-fd13-47e8-b6c4-25ac13336898",
            "f22524d6-d11d-4e0d-a4cc-b7d6256477d7"
          ],
          "failures": [],
          "pending": [],
          "skipped": [],
          "duration": 15354,
          "root": false,
          "rootEmpty": false,
          "_timeout": 2000
        },
        {
          "uuid": "36cf0811-c02f-49e9-b25f-174811688546",
          "title": "9 - Crie um botão que, ao ser clicado, limpa o quadro preenchendo a cor de todos seus pixels com branco",
          "fullFile": "",
          "file": "",
          "beforeHooks": [],
          "afterHooks": [],
          "tests": [
            {
              "title": "Verifica se o botão tem o `id` denominado `clear-board`",
              "fullTitle": "9 - Crie um botão que, ao ser clicado, limpa o quadro preenchendo a cor de todos seus pixels com branco Verifica se o botão tem o `id` denominado `clear-board`",
              "timedOut": null,
              "duration": 4728,
              "state": "failed",
              "speed": null,
              "pass": false,
              "fail": true,
              "pending": false,
              "context": null,
              "code": "cy.get('#clear-board').should('be.visible');",
              "err": {
                "message": "CypressError: Timed out retrying: Expected to find element: '#clear-board', but never found it.",
                "estack": "CypressError: Timed out retrying: Expected to find element: '#clear-board', but never found it.\n    at cypressErr (http://localhost:40765/__cypress/runner/cypress_runner.js:149934:9)\n    at throwErr (http://localhost:40765/__cypress/runner/cypress_runner.js:149867:11)\n    at Object.throwErrByPath (http://localhost:40765/__cypress/runner/cypress_runner.js:149915:3)\n    at retry (http://localhost:40765/__cypress/runner/cypress_runner.js:144197:19)\n    at onFailFn (http://localhost:40765/__cypress/runner/cypress_runner.js:132448:16)\n    at tryCatcher (http://localhost:40765/__cypress/runner/cypress_runner.js:167415:23)\n    at Promise._settlePromiseFromHandler (http://localhost:40765/__cypress/runner/cypress_runner.js:165351:31)\n    at Promise._settlePromise (http://localhost:40765/__cypress/runner/cypress_runner.js:165408:18)\n    at Promise._settlePromise0 (http://localhost:40765/__cypress/runner/cypress_runner.js:165453:10)\n    at Promise._settlePromises (http://localhost:40765/__cypress/runner/cypress_runner.js:165528:18)\n    at Async../node_modules/bluebird/js/release/async.js.Async._drainQueue (http://localhost:40765/__cypress/runner/cypress_runner.js:162140:16)\n    at Async../node_modules/bluebird/js/release/async.js.Async._drainQueues (http://localhost:40765/__cypress/runner/cypress_runner.js:162150:10)\n    at Async.drainQueues (http://localhost:40765/__cypress/runner/cypress_runner.js:162024:14)",
                "diff": null
              },
              "uuid": "69bda9c3-c3ab-4411-bcb0-94bd3bbc3790",
              "parentUUID": "36cf0811-c02f-49e9-b25f-174811688546",
              "isHook": false,
              "skipped": false
            },
            {
              "title": "Verifica se o botão está posicionado entre a paleta de cores e o quadro de pixels",
              "fullTitle": "9 - Crie um botão que, ao ser clicado, limpa o quadro preenchendo a cor de todos seus pixels com branco Verifica se o botão está posicionado entre a paleta de cores e o quadro de pixels",
              "timedOut": null,
              "duration": 4652,
              "state": "failed",
              "speed": null,
              "pass": false,
              "fail": true,
              "pending": false,
              "context": null,
              "code": "cy.get('#color-palette').then(function (palette) {\n  cy.get('#clear-board').should('be.belowOf', palette);\n});\ncy.get('#clear-board').then(function (clearBtn) {\n  cy.get('#pixel-board').should('be.belowOf', clearBtn);\n});",
              "err": {
                "message": "CypressError: Timed out retrying: Expected to find element: '#clear-board', but never found it.",
                "estack": "CypressError: Timed out retrying: Expected to find element: '#clear-board', but never found it.\n    at cypressErr (http://localhost:40765/__cypress/runner/cypress_runner.js:149934:9)\n    at throwErr (http://localhost:40765/__cypress/runner/cypress_runner.js:149867:11)\n    at Object.throwErrByPath (http://localhost:40765/__cypress/runner/cypress_runner.js:149915:3)\n    at retry (http://localhost:40765/__cypress/runner/cypress_runner.js:144197:19)\n    at onFailFn (http://localhost:40765/__cypress/runner/cypress_runner.js:132448:16)\n    at tryCatcher (http://localhost:40765/__cypress/runner/cypress_runner.js:167415:23)\n    at Promise._settlePromiseFromHandler (http://localhost:40765/__cypress/runner/cypress_runner.js:165351:31)\n    at Promise._settlePromise (http://localhost:40765/__cypress/runner/cypress_runner.js:165408:18)\n    at Promise._settlePromise0 (http://localhost:40765/__cypress/runner/cypress_runner.js:165453:10)\n    at Promise._settlePromises (http://localhost:40765/__cypress/runner/cypress_runner.js:165528:18)\n    at Async../node_modules/bluebird/js/release/async.js.Async._drainQueue (http://localhost:40765/__cypress/runner/cypress_runner.js:162140:16)\n    at Async../node_modules/bluebird/js/release/async.js.Async._drainQueues (http://localhost:40765/__cypress/runner/cypress_runner.js:162150:10)\n    at Async.drainQueues (http://localhost:40765/__cypress/runner/cypress_runner.js:162024:14)",
                "diff": null
              },
              "uuid": "d09dae87-aba8-48ba-b721-8141c7cc72fe",
              "parentUUID": "36cf0811-c02f-49e9-b25f-174811688546",
              "isHook": false,
              "skipped": false
            },
            {
              "title": "Verifica se o texto do botão é 'Limpar'",
              "fullTitle": "9 - Crie um botão que, ao ser clicado, limpa o quadro preenchendo a cor de todos seus pixels com branco Verifica se o texto do botão é 'Limpar'",
              "timedOut": null,
              "duration": 4736,
              "state": "failed",
              "speed": null,
              "pass": false,
              "fail": true,
              "pending": false,
              "context": null,
              "code": "cy.get('#clear-board').should('contain.text', 'Limpar');",
              "err": {
                "message": "CypressError: Timed out retrying: Expected to find element: '#clear-board', but never found it.",
                "estack": "CypressError: Timed out retrying: Expected to find element: '#clear-board', but never found it.\n    at cypressErr (http://localhost:40765/__cypress/runner/cypress_runner.js:149934:9)\n    at throwErr (http://localhost:40765/__cypress/runner/cypress_runner.js:149867:11)\n    at Object.throwErrByPath (http://localhost:40765/__cypress/runner/cypress_runner.js:149915:3)\n    at retry (http://localhost:40765/__cypress/runner/cypress_runner.js:144197:19)\n    at onFailFn (http://localhost:40765/__cypress/runner/cypress_runner.js:132448:16)\n    at tryCatcher (http://localhost:40765/__cypress/runner/cypress_runner.js:167415:23)\n    at Promise._settlePromiseFromHandler (http://localhost:40765/__cypress/runner/cypress_runner.js:165351:31)\n    at Promise._settlePromise (http://localhost:40765/__cypress/runner/cypress_runner.js:165408:18)\n    at Promise._settlePromise0 (http://localhost:40765/__cypress/runner/cypress_runner.js:165453:10)\n    at Promise._settlePromises (http://localhost:40765/__cypress/runner/cypress_runner.js:165528:18)\n    at Async../node_modules/bluebird/js/release/async.js.Async._drainQueue (http://localhost:40765/__cypress/runner/cypress_runner.js:162140:16)\n    at Async../node_modules/bluebird/js/release/async.js.Async._drainQueues (http://localhost:40765/__cypress/runner/cypress_runner.js:162150:10)\n    at Async.drainQueues (http://localhost:40765/__cypress/runner/cypress_runner.js:162024:14)",
                "diff": null
              },
              "uuid": "029e7af0-6661-4f65-ac9d-49f973b088e3",
              "parentUUID": "36cf0811-c02f-49e9-b25f-174811688546",
              "isHook": false,
              "skipped": false
            },
            {
              "title": "Verifica se ao clicar no botão, o quadro de pixels é totalmente preenchido de branco",
              "fullTitle": "9 - Crie um botão que, ao ser clicado, limpa o quadro preenchendo a cor de todos seus pixels com branco Verifica se ao clicar no botão, o quadro de pixels é totalmente preenchido de branco",
              "timedOut": null,
              "duration": 6979,
              "state": "failed",
              "speed": null,
              "pass": false,
              "fail": true,
              "pending": false,
              "context": null,
              "code": "cy.get('.color').eq(1).then(function (color) {\n  var backgroundColor = color.css('background-color');\n  cy.wrap(color).click();\n  cy.get('.pixel').each(function (pixel) {\n    cy.wrap(pixel).click().should('have.css', 'background-color', backgroundColor);\n  });\n});\ncy.get('#clear-board').click();\ncy.get('.pixel').each(function (pixel) {\n  cy.wrap(pixel).should('have.css', 'background-color', WHITE);\n});",
              "err": {
                "message": "CypressError: Timed out retrying: Expected to find element: '#clear-board', but never found it.",
                "estack": "CypressError: Timed out retrying: Expected to find element: '#clear-board', but never found it.\n    at cypressErr (http://localhost:40765/__cypress/runner/cypress_runner.js:149934:9)\n    at throwErr (http://localhost:40765/__cypress/runner/cypress_runner.js:149867:11)\n    at Object.throwErrByPath (http://localhost:40765/__cypress/runner/cypress_runner.js:149915:3)\n    at retry (http://localhost:40765/__cypress/runner/cypress_runner.js:144197:19)\n    at onFailFn (http://localhost:40765/__cypress/runner/cypress_runner.js:132448:16)\n    at tryCatcher (http://localhost:40765/__cypress/runner/cypress_runner.js:167415:23)\n    at Promise._settlePromiseFromHandler (http://localhost:40765/__cypress/runner/cypress_runner.js:165351:31)\n    at Promise._settlePromise (http://localhost:40765/__cypress/runner/cypress_runner.js:165408:18)\n    at Promise._settlePromise0 (http://localhost:40765/__cypress/runner/cypress_runner.js:165453:10)\n    at Promise._settlePromises (http://localhost:40765/__cypress/runner/cypress_runner.js:165528:18)\n    at Async../node_modules/bluebird/js/release/async.js.Async._drainQueue (http://localhost:40765/__cypress/runner/cypress_runner.js:162140:16)\n    at Async../node_modules/bluebird/js/release/async.js.Async._drainQueues (http://localhost:40765/__cypress/runner/cypress_runner.js:162150:10)\n    at Async.drainQueues (http://localhost:40765/__cypress/runner/cypress_runner.js:162024:14)",
                "diff": null
              },
              "uuid": "60c3c47a-11a3-47f6-be0f-3c60610afa98",
              "parentUUID": "36cf0811-c02f-49e9-b25f-174811688546",
              "isHook": false,
              "skipped": false
            }
          ],
          "suites": [],
          "passes": [],
          "failures": [
            "69bda9c3-c3ab-4411-bcb0-94bd3bbc3790",
            "d09dae87-aba8-48ba-b721-8141c7cc72fe",
            "029e7af0-6661-4f65-ac9d-49f973b088e3",
            "60c3c47a-11a3-47f6-be0f-3c60610afa98"
          ],
          "pending": [],
          "skipped": [],
          "duration": 21095,
          "root": false,
          "rootEmpty": false,
          "_timeout": 2000
        },
        {
          "uuid": "955ad8e5-2e62-4a81-a50b-b1ed8892e71f",
          "title": "10 - Crie um input que permita à pessoa usuária preencher um novo tamanho para o quadro de pixels",
          "fullFile": "",
          "file": "",
          "beforeHooks": [],
          "afterHooks": [],
          "tests": [
            {
              "title": "Verifica se existe um input com o id `board-size`",
              "fullTitle": "10 - Crie um input que permita à pessoa usuária preencher um novo tamanho para o quadro de pixels Verifica se existe um input com o id `board-size`",
              "timedOut": null,
              "duration": 4916,
              "state": "failed",
              "speed": null,
              "pass": false,
              "fail": true,
              "pending": false,
              "context": null,
              "code": "cy.get('#board-size').should('be.visible');",
              "err": {
                "message": "CypressError: Timed out retrying: Expected to find element: '#board-size', but never found it.",
                "estack": "CypressError: Timed out retrying: Expected to find element: '#board-size', but never found it.\n    at cypressErr (http://localhost:40765/__cypress/runner/cypress_runner.js:149934:9)\n    at throwErr (http://localhost:40765/__cypress/runner/cypress_runner.js:149867:11)\n    at Object.throwErrByPath (http://localhost:40765/__cypress/runner/cypress_runner.js:149915:3)\n    at retry (http://localhost:40765/__cypress/runner/cypress_runner.js:144197:19)\n    at onFailFn (http://localhost:40765/__cypress/runner/cypress_runner.js:132448:16)\n    at tryCatcher (http://localhost:40765/__cypress/runner/cypress_runner.js:167415:23)\n    at Promise._settlePromiseFromHandler (http://localhost:40765/__cypress/runner/cypress_runner.js:165351:31)\n    at Promise._settlePromise (http://localhost:40765/__cypress/runner/cypress_runner.js:165408:18)\n    at Promise._settlePromise0 (http://localhost:40765/__cypress/runner/cypress_runner.js:165453:10)\n    at Promise._settlePromises (http://localhost:40765/__cypress/runner/cypress_runner.js:165528:18)\n    at Async../node_modules/bluebird/js/release/async.js.Async._drainQueue (http://localhost:40765/__cypress/runner/cypress_runner.js:162140:16)\n    at Async../node_modules/bluebird/js/release/async.js.Async._drainQueues (http://localhost:40765/__cypress/runner/cypress_runner.js:162150:10)\n    at Async.drainQueues (http://localhost:40765/__cypress/runner/cypress_runner.js:162024:14)",
                "diff": null
              },
              "uuid": "a9812a05-5d85-4789-b8e8-e405a2237e64",
              "parentUUID": "955ad8e5-2e62-4a81-a50b-b1ed8892e71f",
              "isHook": false,
              "skipped": false
            },
            {
              "title": "Verifica se existe um botão com o id `generate-board`",
              "fullTitle": "10 - Crie um input que permita à pessoa usuária preencher um novo tamanho para o quadro de pixels Verifica se existe um botão com o id `generate-board`",
              "timedOut": null,
              "duration": 4743,
              "state": "failed",
              "speed": null,
              "pass": false,
              "fail": true,
              "pending": false,
              "context": null,
              "code": "cy.get('#generate-board').should('be.visible');",
              "err": {
                "message": "CypressError: Timed out retrying: Expected to find element: '#generate-board', but never found it.",
                "estack": "CypressError: Timed out retrying: Expected to find element: '#generate-board', but never found it.\n    at cypressErr (http://localhost:40765/__cypress/runner/cypress_runner.js:149934:9)\n    at throwErr (http://localhost:40765/__cypress/runner/cypress_runner.js:149867:11)\n    at Object.throwErrByPath (http://localhost:40765/__cypress/runner/cypress_runner.js:149915:3)\n    at retry (http://localhost:40765/__cypress/runner/cypress_runner.js:144197:19)\n    at onFailFn (http://localhost:40765/__cypress/runner/cypress_runner.js:132448:16)\n    at tryCatcher (http://localhost:40765/__cypress/runner/cypress_runner.js:167415:23)\n    at Promise._settlePromiseFromHandler (http://localhost:40765/__cypress/runner/cypress_runner.js:165351:31)\n    at Promise._settlePromise (http://localhost:40765/__cypress/runner/cypress_runner.js:165408:18)\n    at Promise._settlePromise0 (http://localhost:40765/__cypress/runner/cypress_runner.js:165453:10)\n    at Promise._settlePromises (http://localhost:40765/__cypress/runner/cypress_runner.js:165528:18)\n    at Async../node_modules/bluebird/js/release/async.js.Async._drainQueue (http://localhost:40765/__cypress/runner/cypress_runner.js:162140:16)\n    at Async../node_modules/bluebird/js/release/async.js.Async._drainQueues (http://localhost:40765/__cypress/runner/cypress_runner.js:162150:10)\n    at Async.drainQueues (http://localhost:40765/__cypress/runner/cypress_runner.js:162024:14)",
                "diff": null
              },
              "uuid": "c90590b7-b658-4156-9a2f-3efde555992b",
              "parentUUID": "955ad8e5-2e62-4a81-a50b-b1ed8892e71f",
              "isHook": false,
              "skipped": false
            },
            {
              "title": "Verifica se o input só aceita número maiores que zero. Essa restrição deve ser feita usando os atributos do elemento `input`",
              "fullTitle": "10 - Crie um input que permita à pessoa usuária preencher um novo tamanho para o quadro de pixels Verifica se o input só aceita número maiores que zero. Essa restrição deve ser feita usando os atributos do elemento `input`",
              "timedOut": null,
              "duration": 4660,
              "state": "failed",
              "speed": null,
              "pass": false,
              "fail": true,
              "pending": false,
              "context": null,
              "code": "cy.get('#board-size[type=\\'number\\'][min=\\'1\\']');",
              "err": {
                "message": "CypressError: Timed out retrying: Expected to find element: '#board-size[type='number'][min='1']', but never found it.",
                "estack": "CypressError: Timed out retrying: Expected to find element: '#board-size[type='number'][min='1']', but never found it.\n    at cypressErr (http://localhost:40765/__cypress/runner/cypress_runner.js:149934:9)\n    at throwErr (http://localhost:40765/__cypress/runner/cypress_runner.js:149867:11)\n    at Object.throwErrByPath (http://localhost:40765/__cypress/runner/cypress_runner.js:149915:3)\n    at retry (http://localhost:40765/__cypress/runner/cypress_runner.js:144197:19)\n    at onFailFn (http://localhost:40765/__cypress/runner/cypress_runner.js:132448:16)\n    at tryCatcher (http://localhost:40765/__cypress/runner/cypress_runner.js:167415:23)\n    at Promise._settlePromiseFromHandler (http://localhost:40765/__cypress/runner/cypress_runner.js:165351:31)\n    at Promise._settlePromise (http://localhost:40765/__cypress/runner/cypress_runner.js:165408:18)\n    at Promise._settlePromise0 (http://localhost:40765/__cypress/runner/cypress_runner.js:165453:10)\n    at Promise._settlePromises (http://localhost:40765/__cypress/runner/cypress_runner.js:165528:18)\n    at Async../node_modules/bluebird/js/release/async.js.Async._drainQueue (http://localhost:40765/__cypress/runner/cypress_runner.js:162140:16)\n    at Async../node_modules/bluebird/js/release/async.js.Async._drainQueues (http://localhost:40765/__cypress/runner/cypress_runner.js:162150:10)\n    at Async.drainQueues (http://localhost:40765/__cypress/runner/cypress_runner.js:162024:14)",
                "diff": null
              },
              "uuid": "5be74ef8-a545-4e09-8b62-743bbf293521",
              "parentUUID": "955ad8e5-2e62-4a81-a50b-b1ed8892e71f",
              "isHook": false,
              "skipped": false
            },
            {
              "title": "Verifica se o botão contém o texto 'VQV'",
              "fullTitle": "10 - Crie um input que permita à pessoa usuária preencher um novo tamanho para o quadro de pixels Verifica se o botão contém o texto 'VQV'",
              "timedOut": null,
              "duration": 4701,
              "state": "failed",
              "speed": null,
              "pass": false,
              "fail": true,
              "pending": false,
              "context": null,
              "code": "cy.get('#generate-board').contains(/vqv/i);",
              "err": {
                "message": "CypressError: Timed out retrying: Expected to find element: '#generate-board', but never found it.",
                "estack": "CypressError: Timed out retrying: Expected to find element: '#generate-board', but never found it.\n    at cypressErr (http://localhost:40765/__cypress/runner/cypress_runner.js:149934:9)\n    at throwErr (http://localhost:40765/__cypress/runner/cypress_runner.js:149867:11)\n    at Object.throwErrByPath (http://localhost:40765/__cypress/runner/cypress_runner.js:149915:3)\n    at retry (http://localhost:40765/__cypress/runner/cypress_runner.js:144197:19)\n    at onFailFn (http://localhost:40765/__cypress/runner/cypress_runner.js:132448:16)\n    at tryCatcher (http://localhost:40765/__cypress/runner/cypress_runner.js:167415:23)\n    at Promise._settlePromiseFromHandler (http://localhost:40765/__cypress/runner/cypress_runner.js:165351:31)\n    at Promise._settlePromise (http://localhost:40765/__cypress/runner/cypress_runner.js:165408:18)\n    at Promise._settlePromise0 (http://localhost:40765/__cypress/runner/cypress_runner.js:165453:10)\n    at Promise._settlePromises (http://localhost:40765/__cypress/runner/cypress_runner.js:165528:18)\n    at Async../node_modules/bluebird/js/release/async.js.Async._drainQueue (http://localhost:40765/__cypress/runner/cypress_runner.js:162140:16)\n    at Async../node_modules/bluebird/js/release/async.js.Async._drainQueues (http://localhost:40765/__cypress/runner/cypress_runner.js:162150:10)\n    at Async.drainQueues (http://localhost:40765/__cypress/runner/cypress_runner.js:162024:14)",
                "diff": null
              },
              "uuid": "0a0c95d7-82f3-4500-8b5b-facf40b99dd6",
              "parentUUID": "955ad8e5-2e62-4a81-a50b-b1ed8892e71f",
              "isHook": false,
              "skipped": false
            },
            {
              "title": "Verifica se o input está posicionado entre a paleta de cores e o quadro de pixels",
              "fullTitle": "10 - Crie um input que permita à pessoa usuária preencher um novo tamanho para o quadro de pixels Verifica se o input está posicionado entre a paleta de cores e o quadro de pixels",
              "timedOut": null,
              "duration": 4804,
              "state": "failed",
              "speed": null,
              "pass": false,
              "fail": true,
              "pending": false,
              "context": null,
              "code": "cy.get('#color-palette').then(function (palette) {\n  cy.get('#board-size').should('be.belowOf', palette);\n});\ncy.get('#board-size').then(function (palette) {\n  cy.get('#pixel-board').should('be.belowOf', palette);\n});",
              "err": {
                "message": "CypressError: Timed out retrying: Expected to find element: '#board-size', but never found it.",
                "estack": "CypressError: Timed out retrying: Expected to find element: '#board-size', but never found it.\n    at cypressErr (http://localhost:40765/__cypress/runner/cypress_runner.js:149934:9)\n    at throwErr (http://localhost:40765/__cypress/runner/cypress_runner.js:149867:11)\n    at Object.throwErrByPath (http://localhost:40765/__cypress/runner/cypress_runner.js:149915:3)\n    at retry (http://localhost:40765/__cypress/runner/cypress_runner.js:144197:19)\n    at onFailFn (http://localhost:40765/__cypress/runner/cypress_runner.js:132448:16)\n    at tryCatcher (http://localhost:40765/__cypress/runner/cypress_runner.js:167415:23)\n    at Promise._settlePromiseFromHandler (http://localhost:40765/__cypress/runner/cypress_runner.js:165351:31)\n    at Promise._settlePromise (http://localhost:40765/__cypress/runner/cypress_runner.js:165408:18)\n    at Promise._settlePromise0 (http://localhost:40765/__cypress/runner/cypress_runner.js:165453:10)\n    at Promise._settlePromises (http://localhost:40765/__cypress/runner/cypress_runner.js:165528:18)\n    at Async../node_modules/bluebird/js/release/async.js.Async._drainQueue (http://localhost:40765/__cypress/runner/cypress_runner.js:162140:16)\n    at Async../node_modules/bluebird/js/release/async.js.Async._drainQueues (http://localhost:40765/__cypress/runner/cypress_runner.js:162150:10)\n    at Async.drainQueues (http://localhost:40765/__cypress/runner/cypress_runner.js:162024:14)",
                "diff": null
              },
              "uuid": "c73c950d-1b9b-4349-b8e2-6a8567d78bab",
              "parentUUID": "955ad8e5-2e62-4a81-a50b-b1ed8892e71f",
              "isHook": false,
              "skipped": false
            },
            {
              "title": "Verifica se o botão está posicionado ao lado do input",
              "fullTitle": "10 - Crie um input que permita à pessoa usuária preencher um novo tamanho para o quadro de pixels Verifica se o botão está posicionado ao lado do input",
              "timedOut": null,
              "duration": 4963,
              "state": "failed",
              "speed": null,
              "pass": false,
              "fail": true,
              "pending": false,
              "context": null,
              "code": "cy.get('#board-size').then(function (board) {\n  cy.get('#generate-board').should('be.onTheRightOf', board);\n});",
              "err": {
                "message": "CypressError: Timed out retrying: Expected to find element: '#board-size', but never found it.",
                "estack": "CypressError: Timed out retrying: Expected to find element: '#board-size', but never found it.\n    at cypressErr (http://localhost:40765/__cypress/runner/cypress_runner.js:149934:9)\n    at throwErr (http://localhost:40765/__cypress/runner/cypress_runner.js:149867:11)\n    at Object.throwErrByPath (http://localhost:40765/__cypress/runner/cypress_runner.js:149915:3)\n    at retry (http://localhost:40765/__cypress/runner/cypress_runner.js:144197:19)\n    at onFailFn (http://localhost:40765/__cypress/runner/cypress_runner.js:132448:16)\n    at tryCatcher (http://localhost:40765/__cypress/runner/cypress_runner.js:167415:23)\n    at Promise._settlePromiseFromHandler (http://localhost:40765/__cypress/runner/cypress_runner.js:165351:31)\n    at Promise._settlePromise (http://localhost:40765/__cypress/runner/cypress_runner.js:165408:18)\n    at Promise._settlePromise0 (http://localhost:40765/__cypress/runner/cypress_runner.js:165453:10)\n    at Promise._settlePromises (http://localhost:40765/__cypress/runner/cypress_runner.js:165528:18)\n    at Async../node_modules/bluebird/js/release/async.js.Async._drainQueue (http://localhost:40765/__cypress/runner/cypress_runner.js:162140:16)\n    at Async../node_modules/bluebird/js/release/async.js.Async._drainQueues (http://localhost:40765/__cypress/runner/cypress_runner.js:162150:10)\n    at Async.drainQueues (http://localhost:40765/__cypress/runner/cypress_runner.js:162024:14)",
                "diff": null
              },
              "uuid": "52a87b4a-aa15-4aa5-9a6c-a67b62265544",
              "parentUUID": "955ad8e5-2e62-4a81-a50b-b1ed8892e71f",
              "isHook": false,
              "skipped": false
            },
            {
              "title": "Verifica se nenhum valor for colocado no input ao clicar no botão, um `alert` é exibido com o texto: 'Board inválido!'",
              "fullTitle": "10 - Crie um input que permita à pessoa usuária preencher um novo tamanho para o quadro de pixels Verifica se nenhum valor for colocado no input ao clicar no botão, um `alert` é exibido com o texto: 'Board inválido!'",
              "timedOut": null,
              "duration": 4743,
              "state": "failed",
              "speed": null,
              "pass": false,
              "fail": true,
              "pending": false,
              "context": null,
              "code": "var alerted = false;\ncy.on('window:alert', function (msg) {\n  return alerted = msg;\n});\ncy.get('#generate-board').click().then(function () {\n  return expect(alerted).to.match(/Board inválido!/i);\n});",
              "err": {
                "message": "CypressError: Timed out retrying: Expected to find element: '#generate-board', but never found it.",
                "estack": "CypressError: Timed out retrying: Expected to find element: '#generate-board', but never found it.\n    at cypressErr (http://localhost:40765/__cypress/runner/cypress_runner.js:149934:9)\n    at throwErr (http://localhost:40765/__cypress/runner/cypress_runner.js:149867:11)\n    at Object.throwErrByPath (http://localhost:40765/__cypress/runner/cypress_runner.js:149915:3)\n    at retry (http://localhost:40765/__cypress/runner/cypress_runner.js:144197:19)\n    at onFailFn (http://localhost:40765/__cypress/runner/cypress_runner.js:132448:16)\n    at tryCatcher (http://localhost:40765/__cypress/runner/cypress_runner.js:167415:23)\n    at Promise._settlePromiseFromHandler (http://localhost:40765/__cypress/runner/cypress_runner.js:165351:31)\n    at Promise._settlePromise (http://localhost:40765/__cypress/runner/cypress_runner.js:165408:18)\n    at Promise._settlePromise0 (http://localhost:40765/__cypress/runner/cypress_runner.js:165453:10)\n    at Promise._settlePromises (http://localhost:40765/__cypress/runner/cypress_runner.js:165528:18)\n    at Async../node_modules/bluebird/js/release/async.js.Async._drainQueue (http://localhost:40765/__cypress/runner/cypress_runner.js:162140:16)\n    at Async../node_modules/bluebird/js/release/async.js.Async._drainQueues (http://localhost:40765/__cypress/runner/cypress_runner.js:162150:10)\n    at Async.drainQueues (http://localhost:40765/__cypress/runner/cypress_runner.js:162024:14)",
                "diff": null
              },
              "uuid": "bd26dcc7-ed0a-4deb-a315-e7e93d13b23c",
              "parentUUID": "955ad8e5-2e62-4a81-a50b-b1ed8892e71f",
              "isHook": false,
              "skipped": false
            },
            {
              "title": "Verifica se ao clicar no botão com um valor preenchido, o tamanho do board muda.",
              "fullTitle": "10 - Crie um input que permita à pessoa usuária preencher um novo tamanho para o quadro de pixels Verifica se ao clicar no botão com um valor preenchido, o tamanho do board muda.",
              "timedOut": null,
              "duration": 4795,
              "state": "failed",
              "speed": null,
              "pass": false,
              "fail": true,
              "pending": false,
              "context": null,
              "code": "cy.get('#board-size').clear().type(10);\ncy.get('#generate-board').click();\ncy.get('.pixel').should('have.length', 100);",
              "err": {
                "message": "CypressError: Timed out retrying: Expected to find element: '#board-size', but never found it.",
                "estack": "CypressError: Timed out retrying: Expected to find element: '#board-size', but never found it.\n    at cypressErr (http://localhost:40765/__cypress/runner/cypress_runner.js:149934:9)\n    at throwErr (http://localhost:40765/__cypress/runner/cypress_runner.js:149867:11)\n    at Object.throwErrByPath (http://localhost:40765/__cypress/runner/cypress_runner.js:149915:3)\n    at retry (http://localhost:40765/__cypress/runner/cypress_runner.js:144197:19)\n    at onFailFn (http://localhost:40765/__cypress/runner/cypress_runner.js:132448:16)\n    at tryCatcher (http://localhost:40765/__cypress/runner/cypress_runner.js:167415:23)\n    at Promise._settlePromiseFromHandler (http://localhost:40765/__cypress/runner/cypress_runner.js:165351:31)\n    at Promise._settlePromise (http://localhost:40765/__cypress/runner/cypress_runner.js:165408:18)\n    at Promise._settlePromise0 (http://localhost:40765/__cypress/runner/cypress_runner.js:165453:10)\n    at Promise._settlePromises (http://localhost:40765/__cypress/runner/cypress_runner.js:165528:18)\n    at Async../node_modules/bluebird/js/release/async.js.Async._drainQueue (http://localhost:40765/__cypress/runner/cypress_runner.js:162140:16)\n    at Async../node_modules/bluebird/js/release/async.js.Async._drainQueues (http://localhost:40765/__cypress/runner/cypress_runner.js:162150:10)\n    at Async.drainQueues (http://localhost:40765/__cypress/runner/cypress_runner.js:162024:14)",
                "diff": null
              },
              "uuid": "1d7ec38a-ca63-4d40-a162-f5d8c5b4bbc5",
              "parentUUID": "955ad8e5-2e62-4a81-a50b-b1ed8892e71f",
              "isHook": false,
              "skipped": false
            },
            {
              "title": "Verifica se o novo quadro tem todos os pixels preenchidos com a cor branca",
              "fullTitle": "10 - Crie um input que permita à pessoa usuária preencher um novo tamanho para o quadro de pixels Verifica se o novo quadro tem todos os pixels preenchidos com a cor branca",
              "timedOut": null,
              "duration": 4831,
              "state": "failed",
              "speed": null,
              "pass": false,
              "fail": true,
              "pending": false,
              "context": null,
              "code": "cy.get('#board-size').clear().type(6);\ncy.get('#generate-board').click();\ncy.get('.pixel').should('have.length', 36).each(function (pixel) {\n  expect(pixel).to.have.css('background-color', WHITE);\n});",
              "err": {
                "message": "CypressError: Timed out retrying: Expected to find element: '#board-size', but never found it.",
                "estack": "CypressError: Timed out retrying: Expected to find element: '#board-size', but never found it.\n    at cypressErr (http://localhost:40765/__cypress/runner/cypress_runner.js:149934:9)\n    at throwErr (http://localhost:40765/__cypress/runner/cypress_runner.js:149867:11)\n    at Object.throwErrByPath (http://localhost:40765/__cypress/runner/cypress_runner.js:149915:3)\n    at retry (http://localhost:40765/__cypress/runner/cypress_runner.js:144197:19)\n    at onFailFn (http://localhost:40765/__cypress/runner/cypress_runner.js:132448:16)\n    at tryCatcher (http://localhost:40765/__cypress/runner/cypress_runner.js:167415:23)\n    at Promise._settlePromiseFromHandler (http://localhost:40765/__cypress/runner/cypress_runner.js:165351:31)\n    at Promise._settlePromise (http://localhost:40765/__cypress/runner/cypress_runner.js:165408:18)\n    at Promise._settlePromise0 (http://localhost:40765/__cypress/runner/cypress_runner.js:165453:10)\n    at Promise._settlePromises (http://localhost:40765/__cypress/runner/cypress_runner.js:165528:18)\n    at Async../node_modules/bluebird/js/release/async.js.Async._drainQueue (http://localhost:40765/__cypress/runner/cypress_runner.js:162140:16)\n    at Async../node_modules/bluebird/js/release/async.js.Async._drainQueues (http://localhost:40765/__cypress/runner/cypress_runner.js:162150:10)\n    at Async.drainQueues (http://localhost:40765/__cypress/runner/cypress_runner.js:162024:14)",
                "diff": null
              },
              "uuid": "bad6badd-5bfa-4a6e-abc4-55479e26f77c",
              "parentUUID": "955ad8e5-2e62-4a81-a50b-b1ed8892e71f",
              "isHook": false,
              "skipped": false
            }
          ],
          "suites": [],
          "passes": [],
          "failures": [
            "a9812a05-5d85-4789-b8e8-e405a2237e64",
            "c90590b7-b658-4156-9a2f-3efde555992b",
            "5be74ef8-a545-4e09-8b62-743bbf293521",
            "0a0c95d7-82f3-4500-8b5b-facf40b99dd6",
            "c73c950d-1b9b-4349-b8e2-6a8567d78bab",
            "52a87b4a-aa15-4aa5-9a6c-a67b62265544",
            "bd26dcc7-ed0a-4deb-a315-e7e93d13b23c",
            "1d7ec38a-ca63-4d40-a162-f5d8c5b4bbc5",
            "bad6badd-5bfa-4a6e-abc4-55479e26f77c"
          ],
          "pending": [],
          "skipped": [],
          "duration": 43156,
          "root": false,
          "rootEmpty": false,
          "_timeout": 2000
        },
        {
          "uuid": "de1bb4b1-fb05-482a-a00a-a90e70ed8f71",
          "title": "11 - Crie uma função que limite o tamanho mínimo e máximo do quadro de pixels",
          "fullFile": "",
          "file": "",
          "beforeHooks": [],
          "afterHooks": [],
          "tests": [
            {
              "title": "Verifica se a altura máxima do board é 50",
              "fullTitle": "11 - Crie uma função que limite o tamanho mínimo e máximo do quadro de pixels Verifica se a altura máxima do board é 50",
              "timedOut": null,
              "duration": 4898,
              "state": "failed",
              "speed": null,
              "pass": false,
              "fail": true,
              "pending": false,
              "context": null,
              "code": "cy.get('#board-size').clear().type(50);\ncy.get('#generate-board').click();\ncy.get('.pixel').should('have.length', 2500);",
              "err": {
                "message": "CypressError: Timed out retrying: Expected to find element: '#board-size', but never found it.",
                "estack": "CypressError: Timed out retrying: Expected to find element: '#board-size', but never found it.\n    at cypressErr (http://localhost:40765/__cypress/runner/cypress_runner.js:149934:9)\n    at throwErr (http://localhost:40765/__cypress/runner/cypress_runner.js:149867:11)\n    at Object.throwErrByPath (http://localhost:40765/__cypress/runner/cypress_runner.js:149915:3)\n    at retry (http://localhost:40765/__cypress/runner/cypress_runner.js:144197:19)\n    at onFailFn (http://localhost:40765/__cypress/runner/cypress_runner.js:132448:16)\n    at tryCatcher (http://localhost:40765/__cypress/runner/cypress_runner.js:167415:23)\n    at Promise._settlePromiseFromHandler (http://localhost:40765/__cypress/runner/cypress_runner.js:165351:31)\n    at Promise._settlePromise (http://localhost:40765/__cypress/runner/cypress_runner.js:165408:18)\n    at Promise._settlePromise0 (http://localhost:40765/__cypress/runner/cypress_runner.js:165453:10)\n    at Promise._settlePromises (http://localhost:40765/__cypress/runner/cypress_runner.js:165528:18)\n    at Async../node_modules/bluebird/js/release/async.js.Async._drainQueue (http://localhost:40765/__cypress/runner/cypress_runner.js:162140:16)\n    at Async../node_modules/bluebird/js/release/async.js.Async._drainQueues (http://localhost:40765/__cypress/runner/cypress_runner.js:162150:10)\n    at Async.drainQueues (http://localhost:40765/__cypress/runner/cypress_runner.js:162024:14)",
                "diff": null
              },
              "uuid": "209ab684-a2e2-4ae7-8bdf-f82c0209c021",
              "parentUUID": "de1bb4b1-fb05-482a-a00a-a90e70ed8f71",
              "isHook": false,
              "skipped": false
            },
            {
              "title": "Verifica se a altura do board é 5 quando um valor menor é colocado no input",
              "fullTitle": "11 - Crie uma função que limite o tamanho mínimo e máximo do quadro de pixels Verifica se a altura do board é 5 quando um valor menor é colocado no input",
              "timedOut": null,
              "duration": 4828,
              "state": "failed",
              "speed": null,
              "pass": false,
              "fail": true,
              "pending": false,
              "context": null,
              "code": "cy.get('#board-size').clear().type(4);\ncy.get('#generate-board').click();\ncy.get('.pixel').should('have.length', 25);",
              "err": {
                "message": "CypressError: Timed out retrying: Expected to find element: '#board-size', but never found it.",
                "estack": "CypressError: Timed out retrying: Expected to find element: '#board-size', but never found it.\n    at cypressErr (http://localhost:40765/__cypress/runner/cypress_runner.js:149934:9)\n    at throwErr (http://localhost:40765/__cypress/runner/cypress_runner.js:149867:11)\n    at Object.throwErrByPath (http://localhost:40765/__cypress/runner/cypress_runner.js:149915:3)\n    at retry (http://localhost:40765/__cypress/runner/cypress_runner.js:144197:19)\n    at onFailFn (http://localhost:40765/__cypress/runner/cypress_runner.js:132448:16)\n    at tryCatcher (http://localhost:40765/__cypress/runner/cypress_runner.js:167415:23)\n    at Promise._settlePromiseFromHandler (http://localhost:40765/__cypress/runner/cypress_runner.js:165351:31)\n    at Promise._settlePromise (http://localhost:40765/__cypress/runner/cypress_runner.js:165408:18)\n    at Promise._settlePromise0 (http://localhost:40765/__cypress/runner/cypress_runner.js:165453:10)\n    at Promise._settlePromises (http://localhost:40765/__cypress/runner/cypress_runner.js:165528:18)\n    at Async../node_modules/bluebird/js/release/async.js.Async._drainQueue (http://localhost:40765/__cypress/runner/cypress_runner.js:162140:16)\n    at Async../node_modules/bluebird/js/release/async.js.Async._drainQueues (http://localhost:40765/__cypress/runner/cypress_runner.js:162150:10)\n    at Async.drainQueues (http://localhost:40765/__cypress/runner/cypress_runner.js:162024:14)",
                "diff": null
              },
              "uuid": "d5aaba40-93e3-4fc6-bc1a-6b9376e5d5e6",
              "parentUUID": "de1bb4b1-fb05-482a-a00a-a90e70ed8f71",
              "isHook": false,
              "skipped": false
            },
            {
              "title": "Verifica se a altura do board é 50 quando um valor maior é colocado no input",
              "fullTitle": "11 - Crie uma função que limite o tamanho mínimo e máximo do quadro de pixels Verifica se a altura do board é 50 quando um valor maior é colocado no input",
              "timedOut": null,
              "duration": 5045,
              "state": "failed",
              "speed": null,
              "pass": false,
              "fail": true,
              "pending": false,
              "context": null,
              "code": "cy.get('#board-size').clear().type(51);\ncy.get('#generate-board').click();\ncy.get('.pixel').should('have.length', 2500);",
              "err": {
                "message": "CypressError: Timed out retrying: Expected to find element: '#board-size', but never found it.",
                "estack": "CypressError: Timed out retrying: Expected to find element: '#board-size', but never found it.\n    at cypressErr (http://localhost:40765/__cypress/runner/cypress_runner.js:149934:9)\n    at throwErr (http://localhost:40765/__cypress/runner/cypress_runner.js:149867:11)\n    at Object.throwErrByPath (http://localhost:40765/__cypress/runner/cypress_runner.js:149915:3)\n    at retry (http://localhost:40765/__cypress/runner/cypress_runner.js:144197:19)\n    at onFailFn (http://localhost:40765/__cypress/runner/cypress_runner.js:132448:16)\n    at tryCatcher (http://localhost:40765/__cypress/runner/cypress_runner.js:167415:23)\n    at Promise._settlePromiseFromHandler (http://localhost:40765/__cypress/runner/cypress_runner.js:165351:31)\n    at Promise._settlePromise (http://localhost:40765/__cypress/runner/cypress_runner.js:165408:18)\n    at Promise._settlePromise0 (http://localhost:40765/__cypress/runner/cypress_runner.js:165453:10)\n    at Promise._settlePromises (http://localhost:40765/__cypress/runner/cypress_runner.js:165528:18)\n    at Async../node_modules/bluebird/js/release/async.js.Async._drainQueue (http://localhost:40765/__cypress/runner/cypress_runner.js:162140:16)\n    at Async../node_modules/bluebird/js/release/async.js.Async._drainQueues (http://localhost:40765/__cypress/runner/cypress_runner.js:162150:10)\n    at Async.drainQueues (http://localhost:40765/__cypress/runner/cypress_runner.js:162024:14)",
                "diff": null
              },
              "uuid": "be593ca5-9f28-4516-906f-e575025722c1",
              "parentUUID": "de1bb4b1-fb05-482a-a00a-a90e70ed8f71",
              "isHook": false,
              "skipped": false
            }
          ],
          "suites": [],
          "passes": [],
          "failures": [
            "209ab684-a2e2-4ae7-8bdf-f82c0209c021",
            "d5aaba40-93e3-4fc6-bc1a-6b9376e5d5e6",
            "be593ca5-9f28-4516-906f-e575025722c1"
          ],
          "pending": [],
          "skipped": [],
          "duration": 14771,
          "root": false,
          "rootEmpty": false,
          "_timeout": 2000
        },
        {
          "uuid": "79ab99fd-40f9-4074-a5e3-eaf7b7933a5a",
          "title": "12 - Crie uma função para gerar as cores aleatoriamente ao carregar a página, com exceção da cor preta",
          "fullFile": "",
          "file": "",
          "beforeHooks": [],
          "afterHooks": [],
          "tests": [
            {
              "title": "Verifica se as cores geradas na paleta são diferentes a cada carregamento da página",
              "fullTitle": "12 - Crie uma função para gerar as cores aleatoriamente ao carregar a página, com exceção da cor preta Verifica se as cores geradas na paleta são diferentes a cada carregamento da página",
              "timedOut": null,
              "duration": 914,
              "state": "failed",
              "speed": null,
              "pass": false,
              "fail": true,
              "pending": false,
              "context": null,
              "code": "cy.get('.color').then(function (colors) {\n  var currentColors;\n  var previousColors;\n  previousColors = Array.from(colors).map(function (color) {\n    return Cypress.$(color).css('background-color');\n  });\n  for (var i = 0; i < 5; i += 1) {\n    cy.reload();\n    cy.get('.color').then(function (colors) {\n      currentColors = Array.from(colors).map(function (color) {\n        return Cypress.$(color).css('background-color');\n      });\n      expect(currentColors).not.to.deep.equal(previousColors);\n      previousColors = currentColors;\n    });\n  }\n});",
              "err": {
                "message": "AssertionError: expected [ Array(4) ] to not deeply equal [ Array(4) ]",
                "estack": "AssertionError: expected [ Array(4) ] to not deeply equal [ Array(4) ]\n    at getRet (http://localhost:40765/__cypress/runner/cypress_runner.js:136585:16)\n    at tryCatcher (http://localhost:40765/__cypress/runner/cypress_runner.js:167415:23)\n    at Function.Promise.attempt.Promise.try (http://localhost:40765/__cypress/runner/cypress_runner.js:164690:29)\n    at Context.thenFn (http://localhost:40765/__cypress/runner/cypress_runner.js:136599:23)\n    at Context.then (http://localhost:40765/__cypress/runner/cypress_runner.js:136971:21)\n    at Context.<anonymous> (http://localhost:40765/__cypress/runner/cypress_runner.js:148875:21)\n    at http://localhost:40765/__cypress/runner/cypress_runner.js:148351:33\n    at tryCatcher (http://localhost:40765/__cypress/runner/cypress_runner.js:167415:23)\n    at Promise._settlePromiseFromHandler (http://localhost:40765/__cypress/runner/cypress_runner.js:165351:31)\n    at Promise._settlePromise (http://localhost:40765/__cypress/runner/cypress_runner.js:165408:18)\n    at Promise._settlePromiseCtx (http://localhost:40765/__cypress/runner/cypress_runner.js:165445:10)\n    at Async../node_modules/bluebird/js/release/async.js.Async._drainQueue (http://localhost:40765/__cypress/runner/cypress_runner.js:162145:12)\n    at Async../node_modules/bluebird/js/release/async.js.Async._drainQueues (http://localhost:40765/__cypress/runner/cypress_runner.js:162150:10)\n    at Async.drainQueues (http://localhost:40765/__cypress/runner/cypress_runner.js:162024:14)",
                "diff": ""
              },
              "uuid": "b9476165-1ade-4d7d-b243-ce7c239737ae",
              "parentUUID": "79ab99fd-40f9-4074-a5e3-eaf7b7933a5a",
              "isHook": false,
              "skipped": false
            },
            {
              "title": "Verifica se a cor preta ainda está presente e é a primeira na sua paleta de cores",
              "fullTitle": "12 - Crie uma função para gerar as cores aleatoriamente ao carregar a página, com exceção da cor preta Verifica se a cor preta ainda está presente e é a primeira na sua paleta de cores",
              "timedOut": null,
              "duration": 779,
              "state": "failed",
              "speed": null,
              "pass": false,
              "fail": true,
              "pending": false,
              "context": null,
              "code": "cy.get('.color').then(function (colors) {\n  var currentColors;\n  var previousColors;\n  previousColors = Array.from(colors).map(function (color) {\n    return Cypress.$(color).css('background-color');\n  });\n  expect(previousColors[0]).to.eq(BLACK);\n  for (var i = 0; i < 5; i += 1) {\n    cy.reload();\n    cy.get('.color').then(function (colors) {\n      currentColors = Array.from(colors).map(function (color) {\n        return Cypress.$(color).css('background-color');\n      });\n      expect(currentColors[0]).to.eq(BLACK);\n      expect(currentColors).not.to.deep.equal(previousColors);\n      previousColors = currentColors;\n    });\n  }\n});",
              "err": {
                "message": "AssertionError: expected [ Array(4) ] to not deeply equal [ Array(4) ]",
                "estack": "AssertionError: expected [ Array(4) ] to not deeply equal [ Array(4) ]\n    at getRet (http://localhost:40765/__cypress/runner/cypress_runner.js:136585:16)\n    at tryCatcher (http://localhost:40765/__cypress/runner/cypress_runner.js:167415:23)\n    at Function.Promise.attempt.Promise.try (http://localhost:40765/__cypress/runner/cypress_runner.js:164690:29)\n    at Context.thenFn (http://localhost:40765/__cypress/runner/cypress_runner.js:136599:23)\n    at Context.then (http://localhost:40765/__cypress/runner/cypress_runner.js:136971:21)\n    at Context.<anonymous> (http://localhost:40765/__cypress/runner/cypress_runner.js:148875:21)\n    at http://localhost:40765/__cypress/runner/cypress_runner.js:148351:33\n    at tryCatcher (http://localhost:40765/__cypress/runner/cypress_runner.js:167415:23)\n    at Promise._settlePromiseFromHandler (http://localhost:40765/__cypress/runner/cypress_runner.js:165351:31)\n    at Promise._settlePromise (http://localhost:40765/__cypress/runner/cypress_runner.js:165408:18)\n    at Promise._settlePromiseCtx (http://localhost:40765/__cypress/runner/cypress_runner.js:165445:10)\n    at Async../node_modules/bluebird/js/release/async.js.Async._drainQueue (http://localhost:40765/__cypress/runner/cypress_runner.js:162145:12)\n    at Async../node_modules/bluebird/js/release/async.js.Async._drainQueues (http://localhost:40765/__cypress/runner/cypress_runner.js:162150:10)\n    at Async.drainQueues (http://localhost:40765/__cypress/runner/cypress_runner.js:162024:14)",
                "diff": ""
              },
              "uuid": "2e89acb7-6a77-40be-aed9-c85e123856c5",
              "parentUUID": "79ab99fd-40f9-4074-a5e3-eaf7b7933a5a",
              "isHook": false,
              "skipped": false
            }
          ],
          "suites": [],
          "passes": [],
          "failures": [
            "b9476165-1ade-4d7d-b243-ce7c239737ae",
            "2e89acb7-6a77-40be-aed9-c85e123856c5"
          ],
          "pending": [],
          "skipped": [],
          "duration": 1693,
          "root": false,
          "rootEmpty": false,
          "_timeout": 2000
        }
      ],
      "passes": [],
      "failures": [],
      "pending": [],
      "skipped": [],
      "duration": 0,
      "root": true,
      "rootEmpty": true,
      "_timeout": 2000
    }
  ],
  "meta": {
    "mocha": {
      "version": "7.0.1"
    },
    "mochawesome": {
      "options": {
        "quiet": false,
        "reportFilename": "mochawesome",
        "saveHtml": false,
        "saveJson": true,
        "consoleReporter": "spec",
        "useInlineDiffs": false
      },
      "version": "4.1.0"
    },
    "marge": {
      "options": {
        "id": "default",
        "reportDir": "cypress/reports",
        "overwrite": true,
        "html": false,
        "json": true
      },
      "version": "4.1.0"
    }
  }
}